New log file opened at Wed Nov 04 18:50:41 CST 2015 by 3779@HsiaoJamess-MacBook-Pro.local
Sending msg to client activator-21f4a173-f205-4421-aae5-24e230903e81: DetachedLogEvent(LogMessage(debug,sbt server socket logs are in: /Users/jameshsiao/Work/migme/Examples/clustered-chat/.sbtserver/connections/master.log))
Sending msg to client activator-21f4a173-f205-4421-aae5-24e230903e81: DetachedLogEvent(LogMessage(debug,sbt general server logs are in: /Users/jameshsiao/Work/migme/Examples/clustered-chat/.sbtserver/master.log))
Sending msg to client activator-21f4a173-f205-4421-aae5-24e230903e81: DetachedLogEvent(LogMessage(debug,sbt client logs are in: /Users/jameshsiao/Work/migme/Examples/clustered-chat/.sbtserver/connections/activator-21f4a173-f205-4421-aae5-24e230903e81.log))
Reading next message from client.
Got request: ListenToEvents()
Reading next message from client.
Sending msg to client activator-21f4a173-f205-4421-aae5-24e230903e81: (3,ReceivedResponse())
Sending msg to client activator-21f4a173-f205-4421-aae5-24e230903e81: DetachedLogEvent(LogMessage(debug,	sbt-plugin-releases: downloading https://repo.scala-sbt.org/scalasbt/sbt-plugin-releases/net.contentobjects.jnotify/jnotify/0.94-play-1/ivys/ivy.xml.sha1))
Sending msg to client activator-21f4a173-f205-4421-aae5-24e230903e81: DetachedLogEvent(LogMessage(debug,sha1 OK for https://repo.scala-sbt.org/scalasbt/sbt-plugin-releases/net.contentobjects.jnotify/jnotify/0.94-play-1/ivys/ivy.xml))
Sending msg to client activator-21f4a173-f205-4421-aae5-24e230903e81: DetachedLogEvent(LogMessage(debug,	[SUCCESSFUL ] net.contentobjects.jnotify#jnotify;0.94-play-1!ivy.xml(ivy.original) (3407ms)))
Sending msg to client activator-21f4a173-f205-4421-aae5-24e230903e81: DetachedLogEvent(LogMessage(debug,	found net.contentobjects.jnotify#jnotify;0.94-play-1 in sbt-plugin-releases))
Sending msg to client activator-21f4a173-f205-4421-aae5-24e230903e81: DetachedLogEvent(LogMessage(debug,== resolving dependencies com.typesafe.play#sbt-plugin;2.4.0->com.typesafe.sbt#sbt-twirl;1.1.1 [compile->default(compile)]))
Sending msg to client activator-21f4a173-f205-4421-aae5-24e230903e81: DetachedLogEvent(LogStdOut([A[2K[info] Resolving com.typesafe.sbt#sbt-twirl;1.1.1 ...))
Sending msg to client activator-21f4a173-f205-4421-aae5-24e230903e81: DetachedLogEvent(LogMessage(info,Resolving com.typesafe.sbt#sbt-twirl;1.1.1 ...))
Sending msg to client activator-21f4a173-f205-4421-aae5-24e230903e81: DetachedLogEvent(LogMessage(debug,sbt-chain: Checking cache for: dependency: com.typesafe.sbt#sbt-twirl;1.1.1 {compile=[default(compile)]}))
Sending msg to client activator-21f4a173-f205-4421-aae5-24e230903e81: DetachedLogEvent(LogStdOut([A[2K[info] Resolving com.typesafe.sbt#sbt-twirl;1.1.1 ...))
Sending msg to client activator-21f4a173-f205-4421-aae5-24e230903e81: DetachedLogEvent(LogMessage(info,Resolving com.typesafe.sbt#sbt-twirl;1.1.1 ...))
Sending msg to client activator-21f4a173-f205-4421-aae5-24e230903e81: DetachedLogEvent(LogMessage(debug,sbt-chain-delegate: Checking cache for: dependency: com.typesafe.sbt#sbt-twirl;1.1.1 {compile=[default(compile)]}))
Sending msg to client activator-21f4a173-f205-4421-aae5-24e230903e81: DetachedLogEvent(LogMessage(debug,		tried https://repo.typesafe.com/typesafe/ivy-releases/com.typesafe.sbt/sbt-twirl/scala_2.10/sbt_0.13/1.1.1/ivys/ivy.xml))
Sending msg to client activator-21f4a173-f205-4421-aae5-24e230903e81: DetachedLogEvent(LogMessage(debug,CLIENT ERROR: Not Found url=https://repo.typesafe.com/typesafe/ivy-releases/com.typesafe.sbt/sbt-twirl/scala_2.10/sbt_0.13/1.1.1/ivys/ivy.xml))
Sending msg to client activator-21f4a173-f205-4421-aae5-24e230903e81: DetachedLogEvent(LogMessage(debug,	typesafe-ivy-releases: no ivy file found for com.typesafe.sbt#sbt-twirl;1.1.1))
Sending msg to client activator-21f4a173-f205-4421-aae5-24e230903e81: DetachedLogEvent(LogMessage(debug,		tried https://repo.scala-sbt.org/scalasbt/sbt-plugin-releases/com.typesafe.sbt/sbt-twirl/scala_2.10/sbt_0.13/1.1.1/ivys/ivy.xml))
Sending msg to client activator-21f4a173-f205-4421-aae5-24e230903e81: DetachedLogEvent(LogMessage(debug,	sbt-plugin-releases: found md file for com.typesafe.sbt#sbt-twirl;1.1.1))
Sending msg to client activator-21f4a173-f205-4421-aae5-24e230903e81: DetachedLogEvent(LogMessage(debug,		=> https://repo.scala-sbt.org/scalasbt/sbt-plugin-releases/com.typesafe.sbt/sbt-twirl/scala_2.10/sbt_0.13/1.1.1/ivys/ivy.xml (1.1.1)))
Sending msg to client activator-21f4a173-f205-4421-aae5-24e230903e81: DetachedLogEvent(LogMessage(debug,downloading https://repo.scala-sbt.org/scalasbt/sbt-plugin-releases/com.typesafe.sbt/sbt-twirl/scala_2.10/sbt_0.13/1.1.1/ivys/ivy.xml ...))
Sending msg to client activator-21f4a173-f205-4421-aae5-24e230903e81: DetachedLogEvent(LogMessage(debug,	sbt-plugin-releases: downloading https://repo.scala-sbt.org/scalasbt/sbt-plugin-releases/com.typesafe.sbt/sbt-twirl/scala_2.10/sbt_0.13/1.1.1/ivys/ivy.xml))
Sending msg to client activator-21f4a173-f205-4421-aae5-24e230903e81: DetachedLogEvent(LogMessage(debug,	sbt-plugin-releases: downloading https://repo.scala-sbt.org/scalasbt/sbt-plugin-releases/com.typesafe.sbt/sbt-twirl/scala_2.10/sbt_0.13/1.1.1/ivys/ivy.xml.sha1))
Sending msg to client activator-21f4a173-f205-4421-aae5-24e230903e81: DetachedLogEvent(LogMessage(debug,sha1 OK for https://repo.scala-sbt.org/scalasbt/sbt-plugin-releases/com.typesafe.sbt/sbt-twirl/scala_2.10/sbt_0.13/1.1.1/ivys/ivy.xml))
Sending msg to client activator-21f4a173-f205-4421-aae5-24e230903e81: DetachedLogEvent(LogMessage(debug,	[SUCCESSFUL ] com.typesafe.sbt#sbt-twirl;1.1.1!ivy.xml(ivy.original) (5408ms)))
Sending msg to client activator-21f4a173-f205-4421-aae5-24e230903e81: DetachedLogEvent(LogMessage(debug,	found com.typesafe.sbt#sbt-twirl;1.1.1 in sbt-plugin-releases))
Sending msg to client activator-21f4a173-f205-4421-aae5-24e230903e81: DetachedLogEvent(LogMessage(debug,== resolving dependencies com.typesafe.sbt#sbt-twirl;1.1.1->com.typesafe.play#twirl-compiler_2.10;1.1.1 [compile->default(compile)]))
Sending msg to client activator-21f4a173-f205-4421-aae5-24e230903e81: DetachedLogEvent(LogStdOut([A[2K[info] Resolving com.typesafe.play#twirl-compiler_2.10;1.1.1 ...))
Sending msg to client activator-21f4a173-f205-4421-aae5-24e230903e81: DetachedLogEvent(LogMessage(info,Resolving com.typesafe.play#twirl-compiler_2.10;1.1.1 ...))
Sending msg to client activator-21f4a173-f205-4421-aae5-24e230903e81: DetachedLogEvent(LogMessage(debug,sbt-chain: Checking cache for: dependency: com.typesafe.play#twirl-compiler_2.10;1.1.1 {compile=[default(compile)]}))
Sending msg to client activator-21f4a173-f205-4421-aae5-24e230903e81: DetachedLogEvent(LogStdOut([A[2K[info] Resolving com.typesafe.play#twirl-compiler_2.10;1.1.1 ...))
Sending msg to client activator-21f4a173-f205-4421-aae5-24e230903e81: DetachedLogEvent(LogMessage(info,Resolving com.typesafe.play#twirl-compiler_2.10;1.1.1 ...))
Sending msg to client activator-21f4a173-f205-4421-aae5-24e230903e81: DetachedLogEvent(LogMessage(debug,sbt-chain-delegate: Checking cache for: dependency: com.typesafe.play#twirl-compiler_2.10;1.1.1 {compile=[default(compile)]}))
Sending msg to client activator-21f4a173-f205-4421-aae5-24e230903e81: DetachedLogEvent(LogMessage(debug,		tried https://repo.typesafe.com/typesafe/ivy-releases/com.typesafe.play/twirl-compiler_2.10/1.1.1/ivys/ivy.xml))
Sending msg to client activator-21f4a173-f205-4421-aae5-24e230903e81: DetachedLogEvent(LogMessage(debug,CLIENT ERROR: Not Found url=https://repo.typesafe.com/typesafe/ivy-releases/com.typesafe.play/twirl-compiler_2.10/1.1.1/ivys/ivy.xml))
Sending msg to client activator-21f4a173-f205-4421-aae5-24e230903e81: DetachedLogEvent(LogMessage(debug,	typesafe-ivy-releases: no ivy file found for com.typesafe.play#twirl-compiler_2.10;1.1.1))
Sending msg to client activator-21f4a173-f205-4421-aae5-24e230903e81: DetachedLogEvent(LogMessage(debug,		tried https://repo.scala-sbt.org/scalasbt/sbt-plugin-releases/com.typesafe.play/twirl-compiler_2.10/1.1.1/ivys/ivy.xml))
Sending msg to client activator-21f4a173-f205-4421-aae5-24e230903e81: DetachedLogEvent(LogMessage(debug,CLIENT ERROR: Not Found url=https://repo.scala-sbt.org/scalasbt/sbt-plugin-releases/com.typesafe.play/twirl-compiler_2.10/1.1.1/ivys/ivy.xml))
Sending msg to client activator-21f4a173-f205-4421-aae5-24e230903e81: DetachedLogEvent(LogMessage(debug,	sbt-plugin-releases: no ivy file found for com.typesafe.play#twirl-compiler_2.10;1.1.1))
Sending msg to client activator-21f4a173-f205-4421-aae5-24e230903e81: DetachedLogEvent(LogMessage(debug,		tried /Users/jameshsiao/.ivy2/local/com.typesafe.play/twirl-compiler_2.10/1.1.1/ivys/ivy.xml))
Sending msg to client activator-21f4a173-f205-4421-aae5-24e230903e81: DetachedLogEvent(LogMessage(debug,	local: no ivy file found for com.typesafe.play#twirl-compiler_2.10;1.1.1))
Sending msg to client activator-21f4a173-f205-4421-aae5-24e230903e81: DetachedLogEvent(LogMessage(debug,		tried https://repo1.maven.org/maven2/com/typesafe/play/twirl-compiler_2.10/1.1.1/twirl-compiler_2.10-1.1.1.pom))
Sending msg to client activator-21f4a173-f205-4421-aae5-24e230903e81: DetachedLogEvent(LogMessage(debug,	public: found md file for com.typesafe.play#twirl-compiler_2.10;1.1.1))
Sending msg to client activator-21f4a173-f205-4421-aae5-24e230903e81: DetachedLogEvent(LogMessage(debug,		=> https://repo1.maven.org/maven2/com/typesafe/play/twirl-compiler_2.10/1.1.1/twirl-compiler_2.10-1.1.1.pom (1.1.1)))
Sending msg to client activator-21f4a173-f205-4421-aae5-24e230903e81: DetachedLogEvent(LogMessage(debug,downloading https://repo1.maven.org/maven2/com/typesafe/play/twirl-compiler_2.10/1.1.1/twirl-compiler_2.10-1.1.1.pom ...))
Sending msg to client activator-21f4a173-f205-4421-aae5-24e230903e81: DetachedLogEvent(LogMessage(debug,	public: downloading https://repo1.maven.org/maven2/com/typesafe/play/twirl-compiler_2.10/1.1.1/twirl-compiler_2.10-1.1.1.pom))
Sending msg to client activator-21f4a173-f205-4421-aae5-24e230903e81: DetachedLogEvent(LogMessage(debug,	public: downloading https://repo1.maven.org/maven2/com/typesafe/play/twirl-compiler_2.10/1.1.1/twirl-compiler_2.10-1.1.1.pom.sha1))
Sending msg to client activator-21f4a173-f205-4421-aae5-24e230903e81: DetachedLogEvent(LogMessage(debug,sha1 OK for https://repo1.maven.org/maven2/com/typesafe/play/twirl-compiler_2.10/1.1.1/twirl-compiler_2.10-1.1.1.pom))
Sending msg to client activator-21f4a173-f205-4421-aae5-24e230903e81: DetachedLogEvent(LogMessage(debug,	[SUCCESSFUL ] com.typesafe.play#twirl-compiler_2.10;1.1.1!twirl-compiler_2.10.pom(pom.original) (551ms)))
Sending msg to client activator-21f4a173-f205-4421-aae5-24e230903e81: DetachedLogEvent(LogMessage(debug,		tried https://repo.typesafe.com/typesafe/ivy-releases/com.typesafe.play/twirl-compiler_2.10/1.1.1/jars/twirl-compiler_2.10.jar))
Sending msg to client activator-21f4a173-f205-4421-aae5-24e230903e81: DetachedLogEvent(LogMessage(debug,CLIENT ERROR: Not Found url=https://repo.typesafe.com/typesafe/ivy-releases/com.typesafe.play/twirl-compiler_2.10/1.1.1/jars/twirl-compiler_2.10.jar))
Sending msg to client activator-21f4a173-f205-4421-aae5-24e230903e81: DetachedLogEvent(LogMessage(debug,		tried https://repo.scala-sbt.org/scalasbt/sbt-plugin-releases/com.typesafe.play/twirl-compiler_2.10/1.1.1/jars/twirl-compiler_2.10.jar))
Sending msg to client activator-21f4a173-f205-4421-aae5-24e230903e81: DetachedLogEvent(LogMessage(debug,CLIENT ERROR: Not Found url=https://repo.scala-sbt.org/scalasbt/sbt-plugin-releases/com.typesafe.play/twirl-compiler_2.10/1.1.1/jars/twirl-compiler_2.10.jar))
Sending msg to client activator-21f4a173-f205-4421-aae5-24e230903e81: DetachedLogEvent(LogMessage(debug,		tried /Users/jameshsiao/.ivy2/local/com.typesafe.play/twirl-compiler_2.10/1.1.1/jars/twirl-compiler_2.10.jar))
Sending msg to client activator-21f4a173-f205-4421-aae5-24e230903e81: DetachedLogEvent(LogMessage(debug,		tried https://repo1.maven.org/maven2/com/typesafe/play/twirl-compiler_2.10/1.1.1/twirl-compiler_2.10-1.1.1.jar))
Sending msg to client activator-21f4a173-f205-4421-aae5-24e230903e81: DetachedLogEvent(LogMessage(debug,	found com.typesafe.play#twirl-compiler_2.10;1.1.1 in public))
Sending msg to client activator-21f4a173-f205-4421-aae5-24e230903e81: DetachedLogEvent(LogMessage(debug,== resolving dependencies com.typesafe.sbt#sbt-twirl;1.1.1->com.typesafe.play#twirl-compiler_2.10;1.1.1 [compile->runtime]))
Sending msg to client activator-21f4a173-f205-4421-aae5-24e230903e81: DetachedLogEvent(LogMessage(debug,== resolving dependencies com.typesafe.sbt#sbt-twirl;1.1.1->com.typesafe.play#twirl-compiler_2.10;1.1.1 [compile->compile]))
Sending msg to client activator-21f4a173-f205-4421-aae5-24e230903e81: DetachedLogEvent(LogMessage(debug,dependency descriptor has been mediated: dependency: org.scala-lang#scala-compiler;2.10.5 {compile=[compile(*), master(compile)], runtime=[runtime(*)]} => dependency: org.scala-lang#scala-compiler;2.10.4 {compile=[compile(*), master(compile)], runtime=[runtime(*)]}))
Sending msg to client activator-21f4a173-f205-4421-aae5-24e230903e81: DetachedLogEvent(LogMessage(debug,dependency descriptor has been mediated: dependency: org.scala-lang#scala-library;2.10.5 {compile=[compile(*), master(compile)], runtime=[runtime(*)]} => dependency: org.scala-lang#scala-library;2.10.4 {compile=[compile(*), master(compile)], runtime=[runtime(*)]}))
Sending msg to client activator-21f4a173-f205-4421-aae5-24e230903e81: DetachedLogEvent(LogMessage(debug,== resolving dependencies com.typesafe.play#twirl-compiler_2.10;1.1.1->org.scala-lang#scala-compiler;2.10.4 [compile->master(compile)]))
Sending msg to client activator-21f4a173-f205-4421-aae5-24e230903e81: DetachedLogEvent(LogMessage(debug,dependency descriptor has been mediated: dependency: org.scala-lang#scala-compiler;2.10.5 {compile=[compile(*), master(compile)], runtime=[runtime(*)]} => dependency: org.scala-lang#scala-compiler;2.10.4 {compile=[compile(*), master(compile)], runtime=[runtime(*)]}))
Sending msg to client activator-21f4a173-f205-4421-aae5-24e230903e81: DetachedLogEvent(LogMessage(debug,dependency descriptor has been mediated: dependency: org.scala-lang#scala-library;2.10.5 {compile=[compile(*), master(compile)], runtime=[runtime(*)]} => dependency: org.scala-lang#scala-library;2.10.4 {compile=[compile(*), master(compile)], runtime=[runtime(*)]}))
Sending msg to client activator-21f4a173-f205-4421-aae5-24e230903e81: DetachedLogEvent(LogMessage(debug,dependency descriptor has been mediated: dependency: org.scala-lang#scala-compiler;2.10.5 {compile=[compile(*), master(compile)], runtime=[runtime(*)]} => dependency: org.scala-lang#scala-compiler;2.10.4 {compile=[compile(*), master(compile)], runtime=[runtime(*)]}))
Sending msg to client activator-21f4a173-f205-4421-aae5-24e230903e81: DetachedLogEvent(LogMessage(debug,dependency descriptor has been mediated: dependency: org.scala-lang#scala-library;2.10.5 {compile=[compile(*), master(compile)], runtime=[runtime(*)]} => dependency: org.scala-lang#scala-library;2.10.4 {compile=[compile(*), master(compile)], runtime=[runtime(*)]}))
Sending msg to client activator-21f4a173-f205-4421-aae5-24e230903e81: DetachedLogEvent(LogMessage(debug,dependency descriptor has been mediated: dependency: org.scala-lang#scala-compiler;2.10.5 {compile=[compile(*), master(compile)], runtime=[runtime(*)]} => dependency: org.scala-lang#scala-compiler;2.10.4 {compile=[compile(*), master(compile)], runtime=[runtime(*)]}))
Sending msg to client activator-21f4a173-f205-4421-aae5-24e230903e81: DetachedLogEvent(LogMessage(debug,dependency descriptor has been mediated: dependency: org.scala-lang#scala-library;2.10.5 {compile=[compile(*), master(compile)], runtime=[runtime(*)]} => dependency: org.scala-lang#scala-library;2.10.4 {compile=[compile(*), master(compile)], runtime=[runtime(*)]}))
Sending msg to client activator-21f4a173-f205-4421-aae5-24e230903e81: DetachedLogEvent(LogMessage(debug,dependency descriptor has been mediated: dependency: org.scala-lang#scala-compiler;2.10.5 {compile=[compile(*), master(compile)], runtime=[runtime(*)]} => dependency: org.scala-lang#scala-compiler;2.10.4 {compile=[compile(*), master(compile)], runtime=[runtime(*)]}))
Sending msg to client activator-21f4a173-f205-4421-aae5-24e230903e81: DetachedLogEvent(LogMessage(debug,dependency descriptor has been mediated: dependency: org.scala-lang#scala-library;2.10.5 {compile=[compile(*), master(compile)], runtime=[runtime(*)]} => dependency: org.scala-lang#scala-library;2.10.4 {compile=[compile(*), master(compile)], runtime=[runtime(*)]}))
Sending msg to client activator-21f4a173-f205-4421-aae5-24e230903e81: DetachedLogEvent(LogMessage(debug,dependency descriptor has been mediated: dependency: org.scala-lang#scala-compiler;2.10.5 {compile=[compile(*), master(compile)], runtime=[runtime(*)]} => dependency: org.scala-lang#scala-compiler;2.10.4 {compile=[compile(*), master(compile)], runtime=[runtime(*)]}))
Sending msg to client activator-21f4a173-f205-4421-aae5-24e230903e81: DetachedLogEvent(LogMessage(debug,dependency descriptor has been mediated: dependency: org.scala-lang#scala-library;2.10.5 {compile=[compile(*), master(compile)], runtime=[runtime(*)]} => dependency: org.scala-lang#scala-library;2.10.4 {compile=[compile(*), master(compile)], runtime=[runtime(*)]}))
Sending msg to client activator-21f4a173-f205-4421-aae5-24e230903e81: DetachedLogEvent(LogStdOut([A[2K[info] Resolving org.scala-lang#scala-compiler;2.10.4 ...))
Sending msg to client activator-21f4a173-f205-4421-aae5-24e230903e81: DetachedLogEvent(LogMessage(info,Resolving org.scala-lang#scala-compiler;2.10.4 ...))
Sending msg to client activator-21f4a173-f205-4421-aae5-24e230903e81: DetachedLogEvent(LogMessage(debug,sbt-chain: Checking cache for: dependency: org.scala-lang#scala-compiler;2.10.4 {compile=[compile(*), master(compile)], runtime=[runtime(*)]}))
Sending msg to client activator-21f4a173-f205-4421-aae5-24e230903e81: DetachedLogEvent(LogMessage(debug,sbt-chain: module revision found in cache: org.scala-lang#scala-compiler;2.10.4))
Sending msg to client activator-21f4a173-f205-4421-aae5-24e230903e81: DetachedLogEvent(LogMessage(debug,	found org.scala-lang#scala-compiler;2.10.4 in sbt-chain))
Sending msg to client activator-21f4a173-f205-4421-aae5-24e230903e81: DetachedLogEvent(LogMessage(debug,== resolving dependencies com.typesafe.play#twirl-compiler_2.10;1.1.1->org.scala-lang#scala-compiler;2.10.4 [compile->compile(*)]))
Sending msg to client activator-21f4a173-f205-4421-aae5-24e230903e81: DetachedLogEvent(LogMessage(debug,== resolving dependencies org.scala-lang#scala-compiler;2.10.4->org.scala-lang#scala-library;2.10.4 [compile->master(*)]))
Sending msg to client activator-21f4a173-f205-4421-aae5-24e230903e81: DetachedLogEvent(LogMessage(debug,dependency descriptor has been mediated: dependency: org.scala-lang#scala-compiler;2.10.5 {compile=[compile(*), master(compile)], runtime=[runtime(*)]} => dependency: org.scala-lang#scala-compiler;2.10.4 {compile=[compile(*), master(compile)], runtime=[runtime(*)]}))
Sending msg to client activator-21f4a173-f205-4421-aae5-24e230903e81: DetachedLogEvent(LogMessage(debug,dependency descriptor has been mediated: dependency: org.scala-lang#scala-library;2.10.5 {compile=[compile(*), master(compile)], runtime=[runtime(*)]} => dependency: org.scala-lang#scala-library;2.10.4 {compile=[compile(*), master(compile)], runtime=[runtime(*)]}))
Sending msg to client activator-21f4a173-f205-4421-aae5-24e230903e81: DetachedLogEvent(LogMessage(debug,dependency descriptor has been mediated: dependency: org.scala-lang#scala-compiler;2.10.5 {compile=[compile(*), master(compile)], runtime=[runtime(*)]} => dependency: org.scala-lang#scala-compiler;2.10.4 {compile=[compile(*), master(compile)], runtime=[runtime(*)]}))
Sending msg to client activator-21f4a173-f205-4421-aae5-24e230903e81: DetachedLogEvent(LogMessage(debug,dependency descriptor has been mediated: dependency: org.scala-lang#scala-library;2.10.5 {compile=[compile(*), master(compile)], runtime=[runtime(*)]} => dependency: org.scala-lang#scala-library;2.10.4 {compile=[compile(*), master(compile)], runtime=[runtime(*)]}))
Sending msg to client activator-21f4a173-f205-4421-aae5-24e230903e81: DetachedLogEvent(LogMessage(debug,dependency descriptor has been mediated: dependency: org.scala-lang#scala-compiler;2.10.5 {compile=[compile(*), master(compile)], runtime=[runtime(*)]} => dependency: org.scala-lang#scala-compiler;2.10.4 {compile=[compile(*), master(compile)], runtime=[runtime(*)]}))
Sending msg to client activator-21f4a173-f205-4421-aae5-24e230903e81: DetachedLogEvent(LogMessage(debug,dependency descriptor has been mediated: dependency: org.scala-lang#scala-library;2.10.5 {compile=[compile(*), master(compile)], runtime=[runtime(*)]} => dependency: org.scala-lang#scala-library;2.10.4 {compile=[compile(*), master(compile)], runtime=[runtime(*)]}))
Sending msg to client activator-21f4a173-f205-4421-aae5-24e230903e81: DetachedLogEvent(LogMessage(debug,dependency descriptor has been mediated: dependency: org.scala-lang#scala-compiler;2.10.5 {compile=[compile(*), master(compile)], runtime=[runtime(*)]} => dependency: org.scala-lang#scala-compiler;2.10.4 {compile=[compile(*), master(compile)], runtime=[runtime(*)]}))
Sending msg to client activator-21f4a173-f205-4421-aae5-24e230903e81: DetachedLogEvent(LogMessage(debug,dependency descriptor has been mediated: dependency: org.scala-lang#scala-library;2.10.5 {compile=[compile(*), master(compile)], runtime=[runtime(*)]} => dependency: org.scala-lang#scala-library;2.10.4 {compile=[compile(*), master(compile)], runtime=[runtime(*)]}))
Sending msg to client activator-21f4a173-f205-4421-aae5-24e230903e81: DetachedLogEvent(LogMessage(debug,dependency descriptor has been mediated: dependency: org.scala-lang#scala-compiler;2.10.5 {compile=[compile(*), master(compile)], runtime=[runtime(*)]} => dependency: org.scala-lang#scala-compiler;2.10.4 {compile=[compile(*), master(compile)], runtime=[runtime(*)]}))
Sending msg to client activator-21f4a173-f205-4421-aae5-24e230903e81: DetachedLogEvent(LogMessage(debug,dependency descriptor has been mediated: dependency: org.scala-lang#scala-library;2.10.5 {compile=[compile(*), master(compile)], runtime=[runtime(*)]} => dependency: org.scala-lang#scala-library;2.10.4 {compile=[compile(*), master(compile)], runtime=[runtime(*)]}))
Sending msg to client activator-21f4a173-f205-4421-aae5-24e230903e81: DetachedLogEvent(LogMessage(debug,== resolving dependencies org.scala-lang#scala-compiler;2.10.4->org.scala-lang#scala-library;2.10.4 [compile->compile(*)]))
Sending msg to client activator-21f4a173-f205-4421-aae5-24e230903e81: DetachedLogEvent(LogMessage(debug,== resolving dependencies org.scala-lang#scala-compiler;2.10.4->org.scala-lang#scala-reflect;2.10.4 [compile->master(*)]))
Sending msg to client activator-21f4a173-f205-4421-aae5-24e230903e81: DetachedLogEvent(LogMessage(debug,dependency descriptor has been mediated: dependency: org.scala-lang#scala-compiler;2.10.5 {compile=[compile(*), master(compile)], runtime=[runtime(*)]} => dependency: org.scala-lang#scala-compiler;2.10.4 {compile=[compile(*), master(compile)], runtime=[runtime(*)]}))
Sending msg to client activator-21f4a173-f205-4421-aae5-24e230903e81: DetachedLogEvent(LogMessage(debug,dependency descriptor has been mediated: dependency: org.scala-lang#scala-library;2.10.5 {compile=[compile(*), master(compile)], runtime=[runtime(*)]} => dependency: org.scala-lang#scala-library;2.10.4 {compile=[compile(*), master(compile)], runtime=[runtime(*)]}))
Sending msg to client activator-21f4a173-f205-4421-aae5-24e230903e81: DetachedLogEvent(LogMessage(debug,dependency descriptor has been mediated: dependency: org.scala-lang#scala-compiler;2.10.5 {compile=[compile(*), master(compile)], runtime=[runtime(*)]} => dependency: org.scala-lang#scala-compiler;2.10.4 {compile=[compile(*), master(compile)], runtime=[runtime(*)]}))
Sending msg to client activator-21f4a173-f205-4421-aae5-24e230903e81: DetachedLogEvent(LogMessage(debug,dependency descriptor has been mediated: dependency: org.scala-lang#scala-library;2.10.5 {compile=[compile(*), master(compile)], runtime=[runtime(*)]} => dependency: org.scala-lang#scala-library;2.10.4 {compile=[compile(*), master(compile)], runtime=[runtime(*)]}))
Sending msg to client activator-21f4a173-f205-4421-aae5-24e230903e81: DetachedLogEvent(LogMessage(debug,dependency descriptor has been mediated: dependency: org.scala-lang#scala-compiler;2.10.5 {compile=[compile(*), master(compile)], runtime=[runtime(*)]} => dependency: org.scala-lang#scala-compiler;2.10.4 {compile=[compile(*), master(compile)], runtime=[runtime(*)]}))
Sending msg to client activator-21f4a173-f205-4421-aae5-24e230903e81: DetachedLogEvent(LogMessage(debug,dependency descriptor has been mediated: dependency: org.scala-lang#scala-library;2.10.5 {compile=[compile(*), master(compile)], runtime=[runtime(*)]} => dependency: org.scala-lang#scala-library;2.10.4 {compile=[compile(*), master(compile)], runtime=[runtime(*)]}))
Sending msg to client activator-21f4a173-f205-4421-aae5-24e230903e81: DetachedLogEvent(LogMessage(debug,dependency descriptor has been mediated: dependency: org.scala-lang#scala-compiler;2.10.5 {compile=[compile(*), master(compile)], runtime=[runtime(*)]} => dependency: org.scala-lang#scala-compiler;2.10.4 {compile=[compile(*), master(compile)], runtime=[runtime(*)]}))
Sending msg to client activator-21f4a173-f205-4421-aae5-24e230903e81: DetachedLogEvent(LogMessage(debug,dependency descriptor has been mediated: dependency: org.scala-lang#scala-library;2.10.5 {compile=[compile(*), master(compile)], runtime=[runtime(*)]} => dependency: org.scala-lang#scala-library;2.10.4 {compile=[compile(*), master(compile)], runtime=[runtime(*)]}))
Sending msg to client activator-21f4a173-f205-4421-aae5-24e230903e81: DetachedLogEvent(LogMessage(debug,dependency descriptor has been mediated: dependency: org.scala-lang#scala-compiler;2.10.5 {compile=[compile(*), master(compile)], runtime=[runtime(*)]} => dependency: org.scala-lang#scala-compiler;2.10.4 {compile=[compile(*), master(compile)], runtime=[runtime(*)]}))
Sending msg to client activator-21f4a173-f205-4421-aae5-24e230903e81: DetachedLogEvent(LogMessage(debug,dependency descriptor has been mediated: dependency: org.scala-lang#scala-library;2.10.5 {compile=[compile(*), master(compile)], runtime=[runtime(*)]} => dependency: org.scala-lang#scala-library;2.10.4 {compile=[compile(*), master(compile)], runtime=[runtime(*)]}))
Sending msg to client activator-21f4a173-f205-4421-aae5-24e230903e81: DetachedLogEvent(LogStdOut([A[2K[info] Resolving org.scala-lang#scala-reflect;2.10.4 ...))
Sending msg to client activator-21f4a173-f205-4421-aae5-24e230903e81: DetachedLogEvent(LogMessage(info,Resolving org.scala-lang#scala-reflect;2.10.4 ...))
Sending msg to client activator-21f4a173-f205-4421-aae5-24e230903e81: DetachedLogEvent(LogMessage(debug,sbt-chain: Checking cache for: dependency: org.scala-lang#scala-reflect;2.10.4 {compile=[compile(*), master(*)], runtime=[runtime(*)]}))
Sending msg to client activator-21f4a173-f205-4421-aae5-24e230903e81: DetachedLogEvent(LogMessage(debug,sbt-chain: module revision found in cache: org.scala-lang#scala-reflect;2.10.4))
Sending msg to client activator-21f4a173-f205-4421-aae5-24e230903e81: DetachedLogEvent(LogMessage(debug,	found org.scala-lang#scala-reflect;2.10.4 in sbt-chain))
Sending msg to client activator-21f4a173-f205-4421-aae5-24e230903e81: DetachedLogEvent(LogMessage(debug,	[2.10.4] org.scala-lang#scala-reflect;2.10.4))
Sending msg to client activator-21f4a173-f205-4421-aae5-24e230903e81: DetachedLogEvent(LogMessage(debug,== resolving dependencies org.scala-lang#scala-compiler;2.10.4->org.scala-lang#scala-reflect;2.10.4 [compile->compile(*)]))
Sending msg to client activator-21f4a173-f205-4421-aae5-24e230903e81: DetachedLogEvent(LogMessage(debug,== resolving dependencies org.scala-lang#scala-reflect;2.10.4->org.scala-lang#scala-library;2.10.4 [compile->master(*)]))
Sending msg to client activator-21f4a173-f205-4421-aae5-24e230903e81: DetachedLogEvent(LogMessage(debug,== resolving dependencies org.scala-lang#scala-reflect;2.10.4->org.scala-lang#scala-library;2.10.4 [compile->compile(*)]))
Sending msg to client activator-21f4a173-f205-4421-aae5-24e230903e81: DetachedLogEvent(LogMessage(debug,== resolving dependencies com.typesafe.play#twirl-compiler_2.10;1.1.1->org.scala-lang#scala-compiler;2.10.4 [compile->runtime(*)]))
Sending msg to client activator-21f4a173-f205-4421-aae5-24e230903e81: DetachedLogEvent(LogMessage(debug,== resolving dependencies com.typesafe.play#twirl-compiler_2.10;1.1.1->org.scala-lang#scala-compiler;2.10.4 [compile->compile]))
Sending msg to client activator-21f4a173-f205-4421-aae5-24e230903e81: DetachedLogEvent(LogMessage(debug,== resolving dependencies org.scala-lang#scala-compiler;2.10.4->org.scala-lang#scala-library;2.10.4 [runtime->runtime(*)]))
Sending msg to client activator-21f4a173-f205-4421-aae5-24e230903e81: DetachedLogEvent(LogMessage(debug,== resolving dependencies org.scala-lang#scala-compiler;2.10.4->org.scala-lang#scala-library;2.10.4 [runtime->compile]))
Sending msg to client activator-21f4a173-f205-4421-aae5-24e230903e81: DetachedLogEvent(LogMessage(debug,== resolving dependencies org.scala-lang#scala-compiler;2.10.4->org.scala-lang#scala-reflect;2.10.4 [runtime->runtime(*)]))
Sending msg to client activator-21f4a173-f205-4421-aae5-24e230903e81: DetachedLogEvent(LogMessage(debug,== resolving dependencies org.scala-lang#scala-compiler;2.10.4->org.scala-lang#scala-reflect;2.10.4 [runtime->compile]))
Sending msg to client activator-21f4a173-f205-4421-aae5-24e230903e81: DetachedLogEvent(LogMessage(debug,== resolving dependencies org.scala-lang#scala-reflect;2.10.4->org.scala-lang#scala-library;2.10.4 [runtime->runtime(*)]))
Sending msg to client activator-21f4a173-f205-4421-aae5-24e230903e81: DetachedLogEvent(LogMessage(debug,== resolving dependencies org.scala-lang#scala-reflect;2.10.4->org.scala-lang#scala-library;2.10.4 [runtime->compile]))
Sending msg to client activator-21f4a173-f205-4421-aae5-24e230903e81: DetachedLogEvent(LogMessage(debug,== resolving dependencies com.typesafe.play#twirl-compiler_2.10;1.1.1->org.scala-lang#scala-library;2.10.4 [compile->master(compile)]))
Sending msg to client activator-21f4a173-f205-4421-aae5-24e230903e81: DetachedLogEvent(LogMessage(debug,== resolving dependencies com.typesafe.play#twirl-compiler_2.10;1.1.1->org.scala-lang#scala-library;2.10.4 [compile->compile(*)]))
Sending msg to client activator-21f4a173-f205-4421-aae5-24e230903e81: DetachedLogEvent(LogMessage(debug,== resolving dependencies com.typesafe.play#twirl-compiler_2.10;1.1.1->com.typesafe.play#twirl-api_2.10;1.1.1 [compile->master(compile)]))
Sending msg to client activator-21f4a173-f205-4421-aae5-24e230903e81: DetachedLogEvent(LogMessage(debug,dependency descriptor has been mediated: dependency: org.scala-lang#scala-compiler;2.10.5 {compile=[compile(*), master(compile)], runtime=[runtime(*)]} => dependency: org.scala-lang#scala-compiler;2.10.4 {compile=[compile(*), master(compile)], runtime=[runtime(*)]}))
Sending msg to client activator-21f4a173-f205-4421-aae5-24e230903e81: DetachedLogEvent(LogMessage(debug,dependency descriptor has been mediated: dependency: org.scala-lang#scala-library;2.10.5 {compile=[compile(*), master(compile)], runtime=[runtime(*)]} => dependency: org.scala-lang#scala-library;2.10.4 {compile=[compile(*), master(compile)], runtime=[runtime(*)]}))
Sending msg to client activator-21f4a173-f205-4421-aae5-24e230903e81: DetachedLogEvent(LogMessage(debug,dependency descriptor has been mediated: dependency: org.scala-lang#scala-compiler;2.10.5 {compile=[compile(*), master(compile)], runtime=[runtime(*)]} => dependency: org.scala-lang#scala-compiler;2.10.4 {compile=[compile(*), master(compile)], runtime=[runtime(*)]}))
Sending msg to client activator-21f4a173-f205-4421-aae5-24e230903e81: DetachedLogEvent(LogMessage(debug,dependency descriptor has been mediated: dependency: org.scala-lang#scala-library;2.10.5 {compile=[compile(*), master(compile)], runtime=[runtime(*)]} => dependency: org.scala-lang#scala-library;2.10.4 {compile=[compile(*), master(compile)], runtime=[runtime(*)]}))
Sending msg to client activator-21f4a173-f205-4421-aae5-24e230903e81: DetachedLogEvent(LogMessage(debug,dependency descriptor has been mediated: dependency: org.scala-lang#scala-compiler;2.10.5 {compile=[compile(*), master(compile)], runtime=[runtime(*)]} => dependency: org.scala-lang#scala-compiler;2.10.4 {compile=[compile(*), master(compile)], runtime=[runtime(*)]}))
Sending msg to client activator-21f4a173-f205-4421-aae5-24e230903e81: DetachedLogEvent(LogMessage(debug,dependency descriptor has been mediated: dependency: org.scala-lang#scala-library;2.10.5 {compile=[compile(*), master(compile)], runtime=[runtime(*)]} => dependency: org.scala-lang#scala-library;2.10.4 {compile=[compile(*), master(compile)], runtime=[runtime(*)]}))
Sending msg to client activator-21f4a173-f205-4421-aae5-24e230903e81: DetachedLogEvent(LogMessage(debug,dependency descriptor has been mediated: dependency: org.scala-lang#scala-compiler;2.10.5 {compile=[compile(*), master(compile)], runtime=[runtime(*)]} => dependency: org.scala-lang#scala-compiler;2.10.4 {compile=[compile(*), master(compile)], runtime=[runtime(*)]}))
Sending msg to client activator-21f4a173-f205-4421-aae5-24e230903e81: DetachedLogEvent(LogMessage(debug,dependency descriptor has been mediated: dependency: org.scala-lang#scala-library;2.10.5 {compile=[compile(*), master(compile)], runtime=[runtime(*)]} => dependency: org.scala-lang#scala-library;2.10.4 {compile=[compile(*), master(compile)], runtime=[runtime(*)]}))
Sending msg to client activator-21f4a173-f205-4421-aae5-24e230903e81: DetachedLogEvent(LogMessage(debug,dependency descriptor has been mediated: dependency: org.scala-lang#scala-compiler;2.10.5 {compile=[compile(*), master(compile)], runtime=[runtime(*)]} => dependency: org.scala-lang#scala-compiler;2.10.4 {compile=[compile(*), master(compile)], runtime=[runtime(*)]}))
Sending msg to client activator-21f4a173-f205-4421-aae5-24e230903e81: DetachedLogEvent(LogMessage(debug,dependency descriptor has been mediated: dependency: org.scala-lang#scala-library;2.10.5 {compile=[compile(*), master(compile)], runtime=[runtime(*)]} => dependency: org.scala-lang#scala-library;2.10.4 {compile=[compile(*), master(compile)], runtime=[runtime(*)]}))
Sending msg to client activator-21f4a173-f205-4421-aae5-24e230903e81: DetachedLogEvent(LogMessage(debug,== resolving dependencies com.typesafe.play#twirl-compiler_2.10;1.1.1->com.typesafe.play#twirl-api_2.10;1.1.1 [compile->compile(*)]))
Sending msg to client activator-21f4a173-f205-4421-aae5-24e230903e81: DetachedLogEvent(LogMessage(debug,== resolving dependencies com.typesafe.play#twirl-compiler_2.10;1.1.1->com.typesafe.play#twirl-parser_2.10;1.1.1 [compile->master(compile)]))
Sending msg to client activator-21f4a173-f205-4421-aae5-24e230903e81: DetachedLogEvent(LogMessage(debug,dependency descriptor has been mediated: dependency: org.scala-lang#scala-compiler;2.10.5 {compile=[compile(*), master(compile)], runtime=[runtime(*)]} => dependency: org.scala-lang#scala-compiler;2.10.4 {compile=[compile(*), master(compile)], runtime=[runtime(*)]}))
Sending msg to client activator-21f4a173-f205-4421-aae5-24e230903e81: DetachedLogEvent(LogMessage(debug,dependency descriptor has been mediated: dependency: org.scala-lang#scala-library;2.10.5 {compile=[compile(*), master(compile)], runtime=[runtime(*)]} => dependency: org.scala-lang#scala-library;2.10.4 {compile=[compile(*), master(compile)], runtime=[runtime(*)]}))
Sending msg to client activator-21f4a173-f205-4421-aae5-24e230903e81: DetachedLogEvent(LogMessage(debug,dependency descriptor has been mediated: dependency: org.scala-lang#scala-compiler;2.10.5 {compile=[compile(*), master(compile)], runtime=[runtime(*)]} => dependency: org.scala-lang#scala-compiler;2.10.4 {compile=[compile(*), master(compile)], runtime=[runtime(*)]}))
Sending msg to client activator-21f4a173-f205-4421-aae5-24e230903e81: DetachedLogEvent(LogMessage(debug,dependency descriptor has been mediated: dependency: org.scala-lang#scala-library;2.10.5 {compile=[compile(*), master(compile)], runtime=[runtime(*)]} => dependency: org.scala-lang#scala-library;2.10.4 {compile=[compile(*), master(compile)], runtime=[runtime(*)]}))
Sending msg to client activator-21f4a173-f205-4421-aae5-24e230903e81: DetachedLogEvent(LogMessage(debug,dependency descriptor has been mediated: dependency: org.scala-lang#scala-compiler;2.10.5 {compile=[compile(*), master(compile)], runtime=[runtime(*)]} => dependency: org.scala-lang#scala-compiler;2.10.4 {compile=[compile(*), master(compile)], runtime=[runtime(*)]}))
Sending msg to client activator-21f4a173-f205-4421-aae5-24e230903e81: DetachedLogEvent(LogMessage(debug,dependency descriptor has been mediated: dependency: org.scala-lang#scala-library;2.10.5 {compile=[compile(*), master(compile)], runtime=[runtime(*)]} => dependency: org.scala-lang#scala-library;2.10.4 {compile=[compile(*), master(compile)], runtime=[runtime(*)]}))
Sending msg to client activator-21f4a173-f205-4421-aae5-24e230903e81: DetachedLogEvent(LogMessage(debug,dependency descriptor has been mediated: dependency: org.scala-lang#scala-compiler;2.10.5 {compile=[compile(*), master(compile)], runtime=[runtime(*)]} => dependency: org.scala-lang#scala-compiler;2.10.4 {compile=[compile(*), master(compile)], runtime=[runtime(*)]}))
Sending msg to client activator-21f4a173-f205-4421-aae5-24e230903e81: DetachedLogEvent(LogMessage(debug,dependency descriptor has been mediated: dependency: org.scala-lang#scala-library;2.10.5 {compile=[compile(*), master(compile)], runtime=[runtime(*)]} => dependency: org.scala-lang#scala-library;2.10.4 {compile=[compile(*), master(compile)], runtime=[runtime(*)]}))
Sending msg to client activator-21f4a173-f205-4421-aae5-24e230903e81: DetachedLogEvent(LogMessage(debug,dependency descriptor has been mediated: dependency: org.scala-lang#scala-compiler;2.10.5 {compile=[compile(*), master(compile)], runtime=[runtime(*)]} => dependency: org.scala-lang#scala-compiler;2.10.4 {compile=[compile(*), master(compile)], runtime=[runtime(*)]}))
Sending msg to client activator-21f4a173-f205-4421-aae5-24e230903e81: DetachedLogEvent(LogMessage(debug,dependency descriptor has been mediated: dependency: org.scala-lang#scala-library;2.10.5 {compile=[compile(*), master(compile)], runtime=[runtime(*)]} => dependency: org.scala-lang#scala-library;2.10.4 {compile=[compile(*), master(compile)], runtime=[runtime(*)]}))
Sending msg to client activator-21f4a173-f205-4421-aae5-24e230903e81: DetachedLogEvent(LogStdOut([A[2K[info] Resolving com.typesafe.play#twirl-parser_2.10;1.1.1 ...))
Sending msg to client activator-21f4a173-f205-4421-aae5-24e230903e81: DetachedLogEvent(LogMessage(info,Resolving com.typesafe.play#twirl-parser_2.10;1.1.1 ...))
Sending msg to client activator-21f4a173-f205-4421-aae5-24e230903e81: DetachedLogEvent(LogMessage(debug,sbt-chain: Checking cache for: dependency: com.typesafe.play#twirl-parser_2.10;1.1.1 {compile=[compile(*), master(compile)], runtime=[runtime(*)]}))
Sending msg to client activator-21f4a173-f205-4421-aae5-24e230903e81: DetachedLogEvent(LogStdOut([A[2K[info] Resolving com.typesafe.play#twirl-parser_2.10;1.1.1 ...))
Sending msg to client activator-21f4a173-f205-4421-aae5-24e230903e81: DetachedLogEvent(LogMessage(info,Resolving com.typesafe.play#twirl-parser_2.10;1.1.1 ...))
Sending msg to client activator-21f4a173-f205-4421-aae5-24e230903e81: DetachedLogEvent(LogMessage(debug,sbt-chain-delegate: Checking cache for: dependency: com.typesafe.play#twirl-parser_2.10;1.1.1 {compile=[compile(*), master(compile)], runtime=[runtime(*)]}))
Sending msg to client activator-21f4a173-f205-4421-aae5-24e230903e81: DetachedLogEvent(LogMessage(debug,		tried https://repo.typesafe.com/typesafe/ivy-releases/com.typesafe.play/twirl-parser_2.10/1.1.1/ivys/ivy.xml))
Sending msg to client activator-21f4a173-f205-4421-aae5-24e230903e81: DetachedLogEvent(LogMessage(debug,CLIENT ERROR: Not Found url=https://repo.typesafe.com/typesafe/ivy-releases/com.typesafe.play/twirl-parser_2.10/1.1.1/ivys/ivy.xml))
Sending msg to client activator-21f4a173-f205-4421-aae5-24e230903e81: DetachedLogEvent(LogMessage(debug,	typesafe-ivy-releases: no ivy file found for com.typesafe.play#twirl-parser_2.10;1.1.1))
Sending msg to client activator-21f4a173-f205-4421-aae5-24e230903e81: DetachedLogEvent(LogMessage(debug,		tried https://repo.scala-sbt.org/scalasbt/sbt-plugin-releases/com.typesafe.play/twirl-parser_2.10/1.1.1/ivys/ivy.xml))
Sending msg to client activator-21f4a173-f205-4421-aae5-24e230903e81: DetachedLogEvent(LogMessage(debug,CLIENT ERROR: Not Found url=https://repo.scala-sbt.org/scalasbt/sbt-plugin-releases/com.typesafe.play/twirl-parser_2.10/1.1.1/ivys/ivy.xml))
Sending msg to client activator-21f4a173-f205-4421-aae5-24e230903e81: DetachedLogEvent(LogMessage(debug,	sbt-plugin-releases: no ivy file found for com.typesafe.play#twirl-parser_2.10;1.1.1))
Sending msg to client activator-21f4a173-f205-4421-aae5-24e230903e81: DetachedLogEvent(LogMessage(debug,		tried /Users/jameshsiao/.ivy2/local/com.typesafe.play/twirl-parser_2.10/1.1.1/ivys/ivy.xml))
Sending msg to client activator-21f4a173-f205-4421-aae5-24e230903e81: DetachedLogEvent(LogMessage(debug,	local: no ivy file found for com.typesafe.play#twirl-parser_2.10;1.1.1))
Sending msg to client activator-21f4a173-f205-4421-aae5-24e230903e81: DetachedLogEvent(LogMessage(debug,		tried https://repo1.maven.org/maven2/com/typesafe/play/twirl-parser_2.10/1.1.1/twirl-parser_2.10-1.1.1.pom))
Sending msg to client activator-21f4a173-f205-4421-aae5-24e230903e81: DetachedLogEvent(LogMessage(debug,	public: found md file for com.typesafe.play#twirl-parser_2.10;1.1.1))
Sending msg to client activator-21f4a173-f205-4421-aae5-24e230903e81: DetachedLogEvent(LogMessage(debug,		=> https://repo1.maven.org/maven2/com/typesafe/play/twirl-parser_2.10/1.1.1/twirl-parser_2.10-1.1.1.pom (1.1.1)))
Sending msg to client activator-21f4a173-f205-4421-aae5-24e230903e81: DetachedLogEvent(LogMessage(debug,downloading https://repo1.maven.org/maven2/com/typesafe/play/twirl-parser_2.10/1.1.1/twirl-parser_2.10-1.1.1.pom ...))
Sending msg to client activator-21f4a173-f205-4421-aae5-24e230903e81: DetachedLogEvent(LogMessage(debug,	public: downloading https://repo1.maven.org/maven2/com/typesafe/play/twirl-parser_2.10/1.1.1/twirl-parser_2.10-1.1.1.pom))
Sending msg to client activator-21f4a173-f205-4421-aae5-24e230903e81: DetachedLogEvent(LogMessage(debug,	public: downloading https://repo1.maven.org/maven2/com/typesafe/play/twirl-parser_2.10/1.1.1/twirl-parser_2.10-1.1.1.pom.sha1))
Sending msg to client activator-21f4a173-f205-4421-aae5-24e230903e81: DetachedLogEvent(LogMessage(debug,sha1 OK for https://repo1.maven.org/maven2/com/typesafe/play/twirl-parser_2.10/1.1.1/twirl-parser_2.10-1.1.1.pom))
Sending msg to client activator-21f4a173-f205-4421-aae5-24e230903e81: DetachedLogEvent(LogMessage(debug,	[SUCCESSFUL ] com.typesafe.play#twirl-parser_2.10;1.1.1!twirl-parser_2.10.pom(pom.original) (555ms)))
Sending msg to client activator-21f4a173-f205-4421-aae5-24e230903e81: DetachedLogEvent(LogMessage(debug,		tried https://repo.typesafe.com/typesafe/ivy-releases/com.typesafe.play/twirl-parser_2.10/1.1.1/jars/twirl-parser_2.10.jar))
Sending msg to client activator-21f4a173-f205-4421-aae5-24e230903e81: DetachedLogEvent(LogMessage(debug,CLIENT ERROR: Not Found url=https://repo.typesafe.com/typesafe/ivy-releases/com.typesafe.play/twirl-parser_2.10/1.1.1/jars/twirl-parser_2.10.jar))
Sending msg to client activator-21f4a173-f205-4421-aae5-24e230903e81: DetachedLogEvent(LogMessage(debug,		tried https://repo.scala-sbt.org/scalasbt/sbt-plugin-releases/com.typesafe.play/twirl-parser_2.10/1.1.1/jars/twirl-parser_2.10.jar))
Sending msg to client activator-21f4a173-f205-4421-aae5-24e230903e81: DetachedLogEvent(LogMessage(debug,CLIENT ERROR: Not Found url=https://repo.scala-sbt.org/scalasbt/sbt-plugin-releases/com.typesafe.play/twirl-parser_2.10/1.1.1/jars/twirl-parser_2.10.jar))
Sending msg to client activator-21f4a173-f205-4421-aae5-24e230903e81: DetachedLogEvent(LogMessage(debug,		tried /Users/jameshsiao/.ivy2/local/com.typesafe.play/twirl-parser_2.10/1.1.1/jars/twirl-parser_2.10.jar))
Sending msg to client activator-21f4a173-f205-4421-aae5-24e230903e81: DetachedLogEvent(LogMessage(debug,		tried https://repo1.maven.org/maven2/com/typesafe/play/twirl-parser_2.10/1.1.1/twirl-parser_2.10-1.1.1.jar))
Sending msg to client activator-21f4a173-f205-4421-aae5-24e230903e81: DetachedLogEvent(LogMessage(debug,	found com.typesafe.play#twirl-parser_2.10;1.1.1 in public))
Sending msg to client activator-21f4a173-f205-4421-aae5-24e230903e81: DetachedLogEvent(LogMessage(debug,dependency descriptor has been mediated: dependency: org.scala-lang#scala-library;2.10.5 {compile=[compile(*), master(compile)], runtime=[runtime(*)]} => dependency: org.scala-lang#scala-library;2.10.4 {compile=[compile(*), master(compile)], runtime=[runtime(*)]}))
Sending msg to client activator-21f4a173-f205-4421-aae5-24e230903e81: DetachedLogEvent(LogMessage(debug,== resolving dependencies com.typesafe.play#twirl-compiler_2.10;1.1.1->com.typesafe.play#twirl-parser_2.10;1.1.1 [compile->compile(*)]))
Sending msg to client activator-21f4a173-f205-4421-aae5-24e230903e81: DetachedLogEvent(LogMessage(debug,dependency descriptor has been mediated: dependency: org.scala-lang#scala-library;2.10.5 {compile=[compile(*), master(compile)], runtime=[runtime(*)]} => dependency: org.scala-lang#scala-library;2.10.4 {compile=[compile(*), master(compile)], runtime=[runtime(*)]}))
Sending msg to client activator-21f4a173-f205-4421-aae5-24e230903e81: DetachedLogEvent(LogMessage(debug,== resolving dependencies com.typesafe.play#twirl-parser_2.10;1.1.1->org.scala-lang#scala-library;2.10.4 [compile->master(compile)]))
Sending msg to client activator-21f4a173-f205-4421-aae5-24e230903e81: DetachedLogEvent(LogMessage(debug,dependency descriptor has been mediated: dependency: org.scala-lang#scala-library;2.10.5 {compile=[compile(*), master(compile)], runtime=[runtime(*)]} => dependency: org.scala-lang#scala-library;2.10.4 {compile=[compile(*), master(compile)], runtime=[runtime(*)]}))
Sending msg to client activator-21f4a173-f205-4421-aae5-24e230903e81: DetachedLogEvent(LogMessage(debug,dependency descriptor has been mediated: dependency: org.scala-lang#scala-library;2.10.5 {compile=[compile(*), master(compile)], runtime=[runtime(*)]} => dependency: org.scala-lang#scala-library;2.10.4 {compile=[compile(*), master(compile)], runtime=[runtime(*)]}))
Sending msg to client activator-21f4a173-f205-4421-aae5-24e230903e81: DetachedLogEvent(LogMessage(debug,dependency descriptor has been mediated: dependency: org.scala-lang#scala-library;2.10.5 {compile=[compile(*), master(compile)], runtime=[runtime(*)]} => dependency: org.scala-lang#scala-library;2.10.4 {compile=[compile(*), master(compile)], runtime=[runtime(*)]}))
Sending msg to client activator-21f4a173-f205-4421-aae5-24e230903e81: DetachedLogEvent(LogMessage(debug,dependency descriptor has been mediated: dependency: org.scala-lang#scala-library;2.10.5 {compile=[compile(*), master(compile)], runtime=[runtime(*)]} => dependency: org.scala-lang#scala-library;2.10.4 {compile=[compile(*), master(compile)], runtime=[runtime(*)]}))
Sending msg to client activator-21f4a173-f205-4421-aae5-24e230903e81: DetachedLogEvent(LogMessage(debug,dependency descriptor has been mediated: dependency: org.scala-lang#scala-library;2.10.5 {compile=[compile(*), master(compile)], runtime=[runtime(*)]} => dependency: org.scala-lang#scala-library;2.10.4 {compile=[compile(*), master(compile)], runtime=[runtime(*)]}))
Sending msg to client activator-21f4a173-f205-4421-aae5-24e230903e81: DetachedLogEvent(LogMessage(debug,== resolving dependencies com.typesafe.play#twirl-parser_2.10;1.1.1->org.scala-lang#scala-library;2.10.4 [compile->compile(*)]))
Sending msg to client activator-21f4a173-f205-4421-aae5-24e230903e81: DetachedLogEvent(LogMessage(debug,== resolving dependencies com.typesafe.play#twirl-compiler_2.10;1.1.1->com.typesafe.play#twirl-parser_2.10;1.1.1 [compile->runtime(*)]))
Sending msg to client activator-21f4a173-f205-4421-aae5-24e230903e81: DetachedLogEvent(LogMessage(debug,== resolving dependencies com.typesafe.play#twirl-compiler_2.10;1.1.1->com.typesafe.play#twirl-parser_2.10;1.1.1 [compile->compile]))
Sending msg to client activator-21f4a173-f205-4421-aae5-24e230903e81: DetachedLogEvent(LogMessage(debug,dependency descriptor has been mediated: dependency: org.scala-lang#scala-library;2.10.5 {compile=[compile(*), master(compile)], runtime=[runtime(*)]} => dependency: org.scala-lang#scala-library;2.10.4 {compile=[compile(*), master(compile)], runtime=[runtime(*)]}))
Sending msg to client activator-21f4a173-f205-4421-aae5-24e230903e81: DetachedLogEvent(LogMessage(debug,== resolving dependencies com.typesafe.play#twirl-parser_2.10;1.1.1->org.scala-lang#scala-library;2.10.4 [runtime->runtime(*)]))
Sending msg to client activator-21f4a173-f205-4421-aae5-24e230903e81: DetachedLogEvent(LogMessage(debug,== resolving dependencies com.typesafe.play#twirl-parser_2.10;1.1.1->org.scala-lang#scala-library;2.10.4 [runtime->compile]))
Sending msg to client activator-21f4a173-f205-4421-aae5-24e230903e81: DetachedLogEvent(LogMessage(debug,dependency descriptor has been mediated: dependency: org.scala-lang#scala-compiler;2.10.5 {compile=[compile(*), master(compile)], runtime=[runtime(*)]} => dependency: org.scala-lang#scala-compiler;2.10.4 {compile=[compile(*), master(compile)], runtime=[runtime(*)]}))
Sending msg to client activator-21f4a173-f205-4421-aae5-24e230903e81: DetachedLogEvent(LogMessage(debug,dependency descriptor has been mediated: dependency: org.scala-lang#scala-library;2.10.5 {compile=[compile(*), master(compile)], runtime=[runtime(*)]} => dependency: org.scala-lang#scala-library;2.10.4 {compile=[compile(*), master(compile)], runtime=[runtime(*)]}))
Sending msg to client activator-21f4a173-f205-4421-aae5-24e230903e81: DetachedLogEvent(LogMessage(debug,== resolving dependencies com.typesafe.play#twirl-compiler_2.10;1.1.1->org.scala-lang#scala-compiler;2.10.4 [runtime->runtime(*)]))
Sending msg to client activator-21f4a173-f205-4421-aae5-24e230903e81: DetachedLogEvent(LogMessage(debug,== resolving dependencies com.typesafe.play#twirl-compiler_2.10;1.1.1->org.scala-lang#scala-compiler;2.10.4 [runtime->compile]))
Sending msg to client activator-21f4a173-f205-4421-aae5-24e230903e81: DetachedLogEvent(LogMessage(debug,== resolving dependencies com.typesafe.play#twirl-compiler_2.10;1.1.1->org.scala-lang#scala-library;2.10.4 [runtime->runtime(*)]))
Sending msg to client activator-21f4a173-f205-4421-aae5-24e230903e81: DetachedLogEvent(LogMessage(debug,== resolving dependencies com.typesafe.play#twirl-compiler_2.10;1.1.1->org.scala-lang#scala-library;2.10.4 [runtime->compile]))
Sending msg to client activator-21f4a173-f205-4421-aae5-24e230903e81: DetachedLogEvent(LogMessage(debug,== resolving dependencies com.typesafe.play#twirl-compiler_2.10;1.1.1->com.typesafe.play#twirl-api_2.10;1.1.1 [runtime->runtime(*)]))
Sending msg to client activator-21f4a173-f205-4421-aae5-24e230903e81: DetachedLogEvent(LogMessage(debug,== resolving dependencies com.typesafe.play#twirl-compiler_2.10;1.1.1->com.typesafe.play#twirl-api_2.10;1.1.1 [runtime->compile]))
Sending msg to client activator-21f4a173-f205-4421-aae5-24e230903e81: DetachedLogEvent(LogMessage(debug,== resolving dependencies com.typesafe.play#twirl-compiler_2.10;1.1.1->com.typesafe.play#twirl-parser_2.10;1.1.1 [runtime->runtime(*)]))
Sending msg to client activator-21f4a173-f205-4421-aae5-24e230903e81: DetachedLogEvent(LogMessage(debug,== resolving dependencies com.typesafe.play#twirl-compiler_2.10;1.1.1->com.typesafe.play#twirl-parser_2.10;1.1.1 [runtime->compile]))
Sending msg to client activator-21f4a173-f205-4421-aae5-24e230903e81: DetachedLogEvent(LogMessage(debug,== resolving dependencies com.typesafe.sbt#sbt-twirl;1.1.1->com.typesafe.play#twirl-compiler_2.10;1.1.1 [compile->master]))
Sending msg to client activator-21f4a173-f205-4421-aae5-24e230903e81: DetachedLogEvent(LogMessage(debug,dependency descriptor has been mediated: dependency: org.scala-lang#scala-compiler;2.10.5 {compile=[compile(*), master(compile)], runtime=[runtime(*)]} => dependency: org.scala-lang#scala-compiler;2.10.4 {compile=[compile(*), master(compile)], runtime=[runtime(*)]}))
Sending msg to client activator-21f4a173-f205-4421-aae5-24e230903e81: DetachedLogEvent(LogMessage(debug,dependency descriptor has been mediated: dependency: org.scala-lang#scala-library;2.10.5 {compile=[compile(*), master(compile)], runtime=[runtime(*)]} => dependency: org.scala-lang#scala-library;2.10.4 {compile=[compile(*), master(compile)], runtime=[runtime(*)]}))
Sending msg to client activator-21f4a173-f205-4421-aae5-24e230903e81: DetachedLogEvent(LogMessage(debug,dependency descriptor has been mediated: dependency: org.scala-lang#scala-compiler;2.10.5 {compile=[compile(*), master(compile)], runtime=[runtime(*)]} => dependency: org.scala-lang#scala-compiler;2.10.4 {compile=[compile(*), master(compile)], runtime=[runtime(*)]}))
Sending msg to client activator-21f4a173-f205-4421-aae5-24e230903e81: DetachedLogEvent(LogMessage(debug,dependency descriptor has been mediated: dependency: org.scala-lang#scala-library;2.10.5 {compile=[compile(*), master(compile)], runtime=[runtime(*)]} => dependency: org.scala-lang#scala-library;2.10.4 {compile=[compile(*), master(compile)], runtime=[runtime(*)]}))
Sending msg to client activator-21f4a173-f205-4421-aae5-24e230903e81: DetachedLogEvent(LogMessage(debug,== resolving dependencies com.typesafe.play#sbt-plugin;2.4.0->com.typesafe.sbt#sbt-native-packager;1.0.1 [compile->default(compile)]))
Sending msg to client activator-21f4a173-f205-4421-aae5-24e230903e81: DetachedLogEvent(LogStdOut([A[2K[info] Resolving com.typesafe.sbt#sbt-native-packager;1.0.1 ...))
Sending msg to client activator-21f4a173-f205-4421-aae5-24e230903e81: DetachedLogEvent(LogMessage(info,Resolving com.typesafe.sbt#sbt-native-packager;1.0.1 ...))
Sending msg to client activator-21f4a173-f205-4421-aae5-24e230903e81: DetachedLogEvent(LogMessage(debug,sbt-chain: Checking cache for: dependency: com.typesafe.sbt#sbt-native-packager;1.0.1 {compile=[default(compile)]}))
Sending msg to client activator-21f4a173-f205-4421-aae5-24e230903e81: DetachedLogEvent(LogStdOut([A[2K[info] Resolving com.typesafe.sbt#sbt-native-packager;1.0.1 ...))
Sending msg to client activator-21f4a173-f205-4421-aae5-24e230903e81: DetachedLogEvent(LogMessage(info,Resolving com.typesafe.sbt#sbt-native-packager;1.0.1 ...))
Sending msg to client activator-21f4a173-f205-4421-aae5-24e230903e81: DetachedLogEvent(LogMessage(debug,sbt-chain-delegate: Checking cache for: dependency: com.typesafe.sbt#sbt-native-packager;1.0.1 {compile=[default(compile)]}))
Sending msg to client activator-21f4a173-f205-4421-aae5-24e230903e81: DetachedLogEvent(LogMessage(debug,		tried https://repo.typesafe.com/typesafe/ivy-releases/com.typesafe.sbt/sbt-native-packager/scala_2.10/sbt_0.13/1.0.1/ivys/ivy.xml))
Sending msg to client activator-21f4a173-f205-4421-aae5-24e230903e81: DetachedLogEvent(LogMessage(debug,CLIENT ERROR: Not Found url=https://repo.typesafe.com/typesafe/ivy-releases/com.typesafe.sbt/sbt-native-packager/scala_2.10/sbt_0.13/1.0.1/ivys/ivy.xml))
Sending msg to client activator-21f4a173-f205-4421-aae5-24e230903e81: DetachedLogEvent(LogMessage(debug,	typesafe-ivy-releases: no ivy file found for com.typesafe.sbt#sbt-native-packager;1.0.1))
Sending msg to client activator-21f4a173-f205-4421-aae5-24e230903e81: DetachedLogEvent(LogMessage(debug,		tried https://repo.scala-sbt.org/scalasbt/sbt-plugin-releases/com.typesafe.sbt/sbt-native-packager/scala_2.10/sbt_0.13/1.0.1/ivys/ivy.xml))
Sending msg to client activator-21f4a173-f205-4421-aae5-24e230903e81: DetachedLogEvent(LogMessage(debug,	sbt-plugin-releases: found md file for com.typesafe.sbt#sbt-native-packager;1.0.1))
Sending msg to client activator-21f4a173-f205-4421-aae5-24e230903e81: DetachedLogEvent(LogMessage(debug,		=> https://repo.scala-sbt.org/scalasbt/sbt-plugin-releases/com.typesafe.sbt/sbt-native-packager/scala_2.10/sbt_0.13/1.0.1/ivys/ivy.xml (1.0.1)))
Sending msg to client activator-21f4a173-f205-4421-aae5-24e230903e81: DetachedLogEvent(LogMessage(debug,downloading https://repo.scala-sbt.org/scalasbt/sbt-plugin-releases/com.typesafe.sbt/sbt-native-packager/scala_2.10/sbt_0.13/1.0.1/ivys/ivy.xml ...))
Sending msg to client activator-21f4a173-f205-4421-aae5-24e230903e81: DetachedLogEvent(LogMessage(debug,	sbt-plugin-releases: downloading https://repo.scala-sbt.org/scalasbt/sbt-plugin-releases/com.typesafe.sbt/sbt-native-packager/scala_2.10/sbt_0.13/1.0.1/ivys/ivy.xml))
Sending msg to client activator-21f4a173-f205-4421-aae5-24e230903e81: DetachedLogEvent(LogMessage(debug,	sbt-plugin-releases: downloading https://repo.scala-sbt.org/scalasbt/sbt-plugin-releases/com.typesafe.sbt/sbt-native-packager/scala_2.10/sbt_0.13/1.0.1/ivys/ivy.xml.sha1))
Sending msg to client activator-21f4a173-f205-4421-aae5-24e230903e81: DetachedLogEvent(LogMessage(debug,sha1 OK for https://repo.scala-sbt.org/scalasbt/sbt-plugin-releases/com.typesafe.sbt/sbt-native-packager/scala_2.10/sbt_0.13/1.0.1/ivys/ivy.xml))
Sending msg to client activator-21f4a173-f205-4421-aae5-24e230903e81: DetachedLogEvent(LogMessage(debug,	[SUCCESSFUL ] com.typesafe.sbt#sbt-native-packager;1.0.1!ivy.xml(ivy.original) (4083ms)))
Sending msg to client activator-21f4a173-f205-4421-aae5-24e230903e81: DetachedLogEvent(LogMessage(debug,	found com.typesafe.sbt#sbt-native-packager;1.0.1 in sbt-plugin-releases))
Sending msg to client activator-21f4a173-f205-4421-aae5-24e230903e81: DetachedLogEvent(LogMessage(debug,dependency descriptor has been mediated: dependency: org.scala-lang#scala-library;2.10.5 {provided=[default(compile)]} => dependency: org.scala-lang#scala-library;2.10.4 {provided=[default(compile)]}))
Sending msg to client activator-21f4a173-f205-4421-aae5-24e230903e81: DetachedLogEvent(LogMessage(debug,== resolving dependencies com.typesafe.sbt#sbt-native-packager;1.0.1->org.apache.commons#commons-compress;1.4.1 [compile->default(compile)]))
Sending msg to client activator-21f4a173-f205-4421-aae5-24e230903e81: DetachedLogEvent(LogMessage(debug,dependency descriptor has been mediated: dependency: org.scala-lang#scala-library;2.10.5 {provided=[default(compile)]} => dependency: org.scala-lang#scala-library;2.10.4 {provided=[default(compile)]}))
Sending msg to client activator-21f4a173-f205-4421-aae5-24e230903e81: DetachedLogEvent(LogMessage(debug,dependency descriptor has been mediated: dependency: org.scala-lang#scala-library;2.10.5 {provided=[default(compile)]} => dependency: org.scala-lang#scala-library;2.10.4 {provided=[default(compile)]}))
Sending msg to client activator-21f4a173-f205-4421-aae5-24e230903e81: DetachedLogEvent(LogMessage(debug,dependency descriptor has been mediated: dependency: org.scala-lang#scala-library;2.10.4 {provided=[default(compile)]} => dependency: org.scala-lang#scala-library;2.10.4 {provided=[default(compile)]}))
Sending msg to client activator-21f4a173-f205-4421-aae5-24e230903e81: DetachedLogEvent(LogMessage(debug,dependency descriptor has been mediated: dependency: org.scala-lang#scala-reflect;2.10.4 {provided=[default(compile)]} => dependency: org.scala-lang#scala-reflect;2.10.4 {provided=[default(compile)]}))
Sending msg to client activator-21f4a173-f205-4421-aae5-24e230903e81: DetachedLogEvent(LogMessage(debug,dependency descriptor has been mediated: dependency: org.scala-lang#scala-library;2.10.4 {provided=[default(compile)]} => dependency: org.scala-lang#scala-library;2.10.4 {provided=[default(compile)]}))
Sending msg to client activator-21f4a173-f205-4421-aae5-24e230903e81: DetachedLogEvent(LogMessage(debug,dependency descriptor has been mediated: dependency: org.scala-lang#scala-reflect;2.10.4 {provided=[default(compile)]} => dependency: org.scala-lang#scala-reflect;2.10.4 {provided=[default(compile)]}))
Sending msg to client activator-21f4a173-f205-4421-aae5-24e230903e81: DetachedLogEvent(LogMessage(debug,dependency descriptor has been mediated: dependency: org.scala-lang#scala-compiler;2.10.4 {scala-tool=[default, optional(default)]} => dependency: org.scala-lang#scala-compiler;2.10.4 {scala-tool=[default, optional(default)]}))
Sending msg to client activator-21f4a173-f205-4421-aae5-24e230903e81: DetachedLogEvent(LogMessage(debug,dependency descriptor has been mediated: sbt.ivyint.MergedDescriptors@ecfd633 => sbt.ivyint.MergedDescriptors@537f4c56))
Sending msg to client activator-21f4a173-f205-4421-aae5-24e230903e81: DetachedLogEvent(LogStdOut([A[2K[info] Resolving org.apache.commons#commons-compress;1.4.1 ...))
Sending msg to client activator-21f4a173-f205-4421-aae5-24e230903e81: DetachedLogEvent(LogMessage(info,Resolving org.apache.commons#commons-compress;1.4.1 ...))
Sending msg to client activator-21f4a173-f205-4421-aae5-24e230903e81: DetachedLogEvent(LogMessage(debug,sbt-chain: Checking cache for: dependency: org.apache.commons#commons-compress;1.4.1 {compile=[default(compile)]}))
Sending msg to client activator-21f4a173-f205-4421-aae5-24e230903e81: DetachedLogEvent(LogMessage(debug,sbt-chain: module revision found in cache: org.apache.commons#commons-compress;1.4.1))
Sending msg to client activator-21f4a173-f205-4421-aae5-24e230903e81: DetachedLogEvent(LogMessage(debug,	found org.apache.commons#commons-compress;1.4.1 in sbt-chain))
Sending msg to client activator-21f4a173-f205-4421-aae5-24e230903e81: DetachedLogEvent(LogMessage(debug,== resolving dependencies com.typesafe.sbt#sbt-native-packager;1.0.1->org.apache.commons#commons-compress;1.4.1 [compile->runtime]))
Sending msg to client activator-21f4a173-f205-4421-aae5-24e230903e81: DetachedLogEvent(LogMessage(debug,== resolving dependencies com.typesafe.sbt#sbt-native-packager;1.0.1->org.apache.commons#commons-compress;1.4.1 [compile->compile]))
Sending msg to client activator-21f4a173-f205-4421-aae5-24e230903e81: DetachedLogEvent(LogMessage(debug,== resolving dependencies org.apache.commons#commons-compress;1.4.1->org.tukaani#xz;1.0 [compile->master(*)]))
Sending msg to client activator-21f4a173-f205-4421-aae5-24e230903e81: DetachedLogEvent(LogMessage(debug,dependency descriptor has been mediated: dependency: org.scala-lang#scala-library;2.10.5 {provided=[default(compile)]} => dependency: org.scala-lang#scala-library;2.10.4 {provided=[default(compile)]}))
Sending msg to client activator-21f4a173-f205-4421-aae5-24e230903e81: DetachedLogEvent(LogMessage(debug,dependency descriptor has been mediated: dependency: org.scala-lang#scala-library;2.10.5 {provided=[default(compile)]} => dependency: org.scala-lang#scala-library;2.10.4 {provided=[default(compile)]}))
Sending msg to client activator-21f4a173-f205-4421-aae5-24e230903e81: DetachedLogEvent(LogMessage(debug,dependency descriptor has been mediated: dependency: org.scala-lang#scala-library;2.10.4 {provided=[default(compile)]} => dependency: org.scala-lang#scala-library;2.10.4 {provided=[default(compile)]}))
Sending msg to client activator-21f4a173-f205-4421-aae5-24e230903e81: DetachedLogEvent(LogMessage(debug,dependency descriptor has been mediated: dependency: org.scala-lang#scala-reflect;2.10.4 {provided=[default(compile)]} => dependency: org.scala-lang#scala-reflect;2.10.4 {provided=[default(compile)]}))
Sending msg to client activator-21f4a173-f205-4421-aae5-24e230903e81: DetachedLogEvent(LogMessage(debug,dependency descriptor has been mediated: dependency: org.scala-lang#scala-library;2.10.4 {provided=[default(compile)]} => dependency: org.scala-lang#scala-library;2.10.4 {provided=[default(compile)]}))
Sending msg to client activator-21f4a173-f205-4421-aae5-24e230903e81: DetachedLogEvent(LogMessage(debug,dependency descriptor has been mediated: dependency: org.scala-lang#scala-reflect;2.10.4 {provided=[default(compile)]} => dependency: org.scala-lang#scala-reflect;2.10.4 {provided=[default(compile)]}))
Sending msg to client activator-21f4a173-f205-4421-aae5-24e230903e81: DetachedLogEvent(LogMessage(debug,dependency descriptor has been mediated: dependency: org.scala-lang#scala-compiler;2.10.4 {scala-tool=[default, optional(default)]} => dependency: org.scala-lang#scala-compiler;2.10.4 {scala-tool=[default, optional(default)]}))
Sending msg to client activator-21f4a173-f205-4421-aae5-24e230903e81: DetachedLogEvent(LogMessage(debug,dependency descriptor has been mediated: sbt.ivyint.MergedDescriptors@ecfd633 => sbt.ivyint.MergedDescriptors@4add1394))
Sending msg to client activator-21f4a173-f205-4421-aae5-24e230903e81: DetachedLogEvent(LogStdOut([A[2K[info] Resolving org.tukaani#xz;1.0 ...))
Sending msg to client activator-21f4a173-f205-4421-aae5-24e230903e81: DetachedLogEvent(LogMessage(info,Resolving org.tukaani#xz;1.0 ...))
Sending msg to client activator-21f4a173-f205-4421-aae5-24e230903e81: DetachedLogEvent(LogMessage(debug,sbt-chain: Checking cache for: dependency: org.tukaani#xz;1.0 {compile=[compile(*), master(*)], runtime=[runtime(*)]}))
Sending msg to client activator-21f4a173-f205-4421-aae5-24e230903e81: DetachedLogEvent(LogMessage(debug,sbt-chain: module revision found in cache: org.tukaani#xz;1.0))
Sending msg to client activator-21f4a173-f205-4421-aae5-24e230903e81: DetachedLogEvent(LogMessage(debug,	found org.tukaani#xz;1.0 in sbt-chain))
Sending msg to client activator-21f4a173-f205-4421-aae5-24e230903e81: DetachedLogEvent(LogMessage(debug,== resolving dependencies org.apache.commons#commons-compress;1.4.1->org.tukaani#xz;1.0 [compile->compile(*)]))
Sending msg to client activator-21f4a173-f205-4421-aae5-24e230903e81: DetachedLogEvent(LogMessage(debug,== resolving dependencies org.apache.commons#commons-compress;1.4.1->org.tukaani#xz;1.0 [compile->runtime(*)]))
Sending msg to client activator-21f4a173-f205-4421-aae5-24e230903e81: DetachedLogEvent(LogMessage(debug,== resolving dependencies org.apache.commons#commons-compress;1.4.1->org.tukaani#xz;1.0 [compile->compile]))
Sending msg to client activator-21f4a173-f205-4421-aae5-24e230903e81: DetachedLogEvent(LogMessage(debug,== resolving dependencies org.apache.commons#commons-compress;1.4.1->org.tukaani#xz;1.0 [runtime->runtime(*)]))
Sending msg to client activator-21f4a173-f205-4421-aae5-24e230903e81: DetachedLogEvent(LogMessage(debug,== resolving dependencies org.apache.commons#commons-compress;1.4.1->org.tukaani#xz;1.0 [runtime->compile]))
Sending msg to client activator-21f4a173-f205-4421-aae5-24e230903e81: DetachedLogEvent(LogMessage(debug,== resolving dependencies com.typesafe.sbt#sbt-native-packager;1.0.1->org.apache.commons#commons-compress;1.4.1 [compile->master]))
Sending msg to client activator-21f4a173-f205-4421-aae5-24e230903e81: DetachedLogEvent(LogMessage(debug,== resolving dependencies com.typesafe.sbt#sbt-native-packager;1.0.1->org.vafer#jdeb;1.3 [compile->default(compile)]))
Sending msg to client activator-21f4a173-f205-4421-aae5-24e230903e81: DetachedLogEvent(LogMessage(debug,dependency descriptor has been mediated: dependency: org.scala-lang#scala-library;2.10.5 {provided=[default(compile)]} => dependency: org.scala-lang#scala-library;2.10.4 {provided=[default(compile)]}))
Sending msg to client activator-21f4a173-f205-4421-aae5-24e230903e81: DetachedLogEvent(LogMessage(debug,dependency descriptor has been mediated: dependency: org.scala-lang#scala-library;2.10.5 {provided=[default(compile)]} => dependency: org.scala-lang#scala-library;2.10.4 {provided=[default(compile)]}))
Sending msg to client activator-21f4a173-f205-4421-aae5-24e230903e81: DetachedLogEvent(LogMessage(debug,dependency descriptor has been mediated: dependency: org.scala-lang#scala-library;2.10.4 {provided=[default(compile)]} => dependency: org.scala-lang#scala-library;2.10.4 {provided=[default(compile)]}))
Sending msg to client activator-21f4a173-f205-4421-aae5-24e230903e81: DetachedLogEvent(LogMessage(debug,dependency descriptor has been mediated: dependency: org.scala-lang#scala-reflect;2.10.4 {provided=[default(compile)]} => dependency: org.scala-lang#scala-reflect;2.10.4 {provided=[default(compile)]}))
Sending msg to client activator-21f4a173-f205-4421-aae5-24e230903e81: DetachedLogEvent(LogMessage(debug,dependency descriptor has been mediated: dependency: org.scala-lang#scala-library;2.10.4 {provided=[default(compile)]} => dependency: org.scala-lang#scala-library;2.10.4 {provided=[default(compile)]}))
Sending msg to client activator-21f4a173-f205-4421-aae5-24e230903e81: DetachedLogEvent(LogMessage(debug,dependency descriptor has been mediated: dependency: org.scala-lang#scala-reflect;2.10.4 {provided=[default(compile)]} => dependency: org.scala-lang#scala-reflect;2.10.4 {provided=[default(compile)]}))
Sending msg to client activator-21f4a173-f205-4421-aae5-24e230903e81: DetachedLogEvent(LogMessage(debug,dependency descriptor has been mediated: dependency: org.scala-lang#scala-compiler;2.10.4 {scala-tool=[default, optional(default)]} => dependency: org.scala-lang#scala-compiler;2.10.4 {scala-tool=[default, optional(default)]}))
Sending msg to client activator-21f4a173-f205-4421-aae5-24e230903e81: DetachedLogEvent(LogMessage(debug,dependency descriptor has been mediated: sbt.ivyint.MergedDescriptors@ecfd633 => sbt.ivyint.MergedDescriptors@146434ef))
Sending msg to client activator-21f4a173-f205-4421-aae5-24e230903e81: DetachedLogEvent(LogStdOut([A[2K[info] Resolving org.vafer#jdeb;1.3 ...))
Sending msg to client activator-21f4a173-f205-4421-aae5-24e230903e81: DetachedLogEvent(LogMessage(info,Resolving org.vafer#jdeb;1.3 ...))
Sending msg to client activator-21f4a173-f205-4421-aae5-24e230903e81: DetachedLogEvent(LogMessage(debug,sbt-chain: Checking cache for: dependency: org.vafer#jdeb;1.3 {compile=[default(compile)]}))
Sending msg to client activator-21f4a173-f205-4421-aae5-24e230903e81: DetachedLogEvent(LogStdOut([A[2K[info] Resolving org.vafer#jdeb;1.3 ...))
Sending msg to client activator-21f4a173-f205-4421-aae5-24e230903e81: DetachedLogEvent(LogMessage(info,Resolving org.vafer#jdeb;1.3 ...))
Sending msg to client activator-21f4a173-f205-4421-aae5-24e230903e81: DetachedLogEvent(LogMessage(debug,sbt-chain-delegate: Checking cache for: dependency: org.vafer#jdeb;1.3 {compile=[default(compile)]}))
Sending msg to client activator-21f4a173-f205-4421-aae5-24e230903e81: DetachedLogEvent(LogMessage(debug,		tried https://repo.typesafe.com/typesafe/ivy-releases/org.vafer/jdeb/1.3/ivys/ivy.xml))
Sending msg to client activator-21f4a173-f205-4421-aae5-24e230903e81: DetachedLogEvent(LogMessage(debug,CLIENT ERROR: Not Found url=https://repo.typesafe.com/typesafe/ivy-releases/org.vafer/jdeb/1.3/ivys/ivy.xml))
Sending msg to client activator-21f4a173-f205-4421-aae5-24e230903e81: DetachedLogEvent(LogMessage(debug,	typesafe-ivy-releases: no ivy file found for org.vafer#jdeb;1.3))
Sending msg to client activator-21f4a173-f205-4421-aae5-24e230903e81: DetachedLogEvent(LogMessage(debug,		tried https://repo.scala-sbt.org/scalasbt/sbt-plugin-releases/org.vafer/jdeb/1.3/ivys/ivy.xml))
Sending msg to client activator-21f4a173-f205-4421-aae5-24e230903e81: DetachedLogEvent(LogMessage(debug,CLIENT ERROR: Not Found url=https://repo.scala-sbt.org/scalasbt/sbt-plugin-releases/org.vafer/jdeb/1.3/ivys/ivy.xml))
Sending msg to client activator-21f4a173-f205-4421-aae5-24e230903e81: DetachedLogEvent(LogMessage(debug,	sbt-plugin-releases: no ivy file found for org.vafer#jdeb;1.3))
Sending msg to client activator-21f4a173-f205-4421-aae5-24e230903e81: DetachedLogEvent(LogMessage(debug,		tried /Users/jameshsiao/.ivy2/local/org.vafer/jdeb/1.3/ivys/ivy.xml))
Sending msg to client activator-21f4a173-f205-4421-aae5-24e230903e81: DetachedLogEvent(LogMessage(debug,	local: no ivy file found for org.vafer#jdeb;1.3))
Sending msg to client activator-21f4a173-f205-4421-aae5-24e230903e81: DetachedLogEvent(LogMessage(debug,		tried https://repo1.maven.org/maven2/org/vafer/jdeb/1.3/jdeb-1.3.pom))
Sending msg to client activator-21f4a173-f205-4421-aae5-24e230903e81: DetachedLogEvent(LogMessage(debug,	public: found md file for org.vafer#jdeb;1.3))
Sending msg to client activator-21f4a173-f205-4421-aae5-24e230903e81: DetachedLogEvent(LogMessage(debug,		=> https://repo1.maven.org/maven2/org/vafer/jdeb/1.3/jdeb-1.3.pom (1.3)))
Sending msg to client activator-21f4a173-f205-4421-aae5-24e230903e81: DetachedLogEvent(LogMessage(debug,downloading https://repo1.maven.org/maven2/org/vafer/jdeb/1.3/jdeb-1.3.pom ...))
Sending msg to client activator-21f4a173-f205-4421-aae5-24e230903e81: DetachedLogEvent(LogMessage(debug,	public: downloading https://repo1.maven.org/maven2/org/vafer/jdeb/1.3/jdeb-1.3.pom))
Sending msg to client activator-21f4a173-f205-4421-aae5-24e230903e81: DetachedLogEvent(LogMessage(debug,	public: downloading https://repo1.maven.org/maven2/org/vafer/jdeb/1.3/jdeb-1.3.pom.sha1))
Sending msg to client activator-21f4a173-f205-4421-aae5-24e230903e81: DetachedLogEvent(LogMessage(debug,sha1 OK for https://repo1.maven.org/maven2/org/vafer/jdeb/1.3/jdeb-1.3.pom))
Sending msg to client activator-21f4a173-f205-4421-aae5-24e230903e81: DetachedLogEvent(LogMessage(debug,	[SUCCESSFUL ] org.vafer#jdeb;1.3!jdeb.pom(pom.original) (1175ms)))
Sending msg to client activator-21f4a173-f205-4421-aae5-24e230903e81: DetachedLogEvent(LogMessage(debug,		tried https://repo.typesafe.com/typesafe/ivy-releases/org.vafer/jdeb/1.3/maven-plugins/jdeb.jar))
Sending msg to client activator-21f4a173-f205-4421-aae5-24e230903e81: DetachedLogEvent(LogMessage(debug,CLIENT ERROR: Not Found url=https://repo.typesafe.com/typesafe/ivy-releases/org.vafer/jdeb/1.3/maven-plugins/jdeb.jar))
Sending msg to client activator-21f4a173-f205-4421-aae5-24e230903e81: DetachedLogEvent(LogMessage(debug,		tried https://repo.scala-sbt.org/scalasbt/sbt-plugin-releases/org.vafer/jdeb/1.3/maven-plugins/jdeb.jar))
Sending msg to client activator-21f4a173-f205-4421-aae5-24e230903e81: DetachedLogEvent(LogMessage(debug,CLIENT ERROR: Not Found url=https://repo.scala-sbt.org/scalasbt/sbt-plugin-releases/org.vafer/jdeb/1.3/maven-plugins/jdeb.jar))
Sending msg to client activator-21f4a173-f205-4421-aae5-24e230903e81: DetachedLogEvent(LogMessage(debug,		tried /Users/jameshsiao/.ivy2/local/org.vafer/jdeb/1.3/maven-plugins/jdeb.jar))
Sending msg to client activator-21f4a173-f205-4421-aae5-24e230903e81: DetachedLogEvent(LogMessage(debug,		tried https://repo1.maven.org/maven2/org/vafer/jdeb/1.3/jdeb-1.3.jar))
Sending msg to client activator-21f4a173-f205-4421-aae5-24e230903e81: DetachedLogEvent(LogMessage(debug,	found org.vafer#jdeb;1.3 in public))
Sending msg to client activator-21f4a173-f205-4421-aae5-24e230903e81: DetachedLogEvent(LogMessage(debug,== resolving dependencies com.typesafe.sbt#sbt-native-packager;1.0.1->org.vafer#jdeb;1.3 [compile->runtime]))
Sending msg to client activator-21f4a173-f205-4421-aae5-24e230903e81: DetachedLogEvent(LogMessage(debug,== resolving dependencies com.typesafe.sbt#sbt-native-packager;1.0.1->org.vafer#jdeb;1.3 [compile->compile]))
Sending msg to client activator-21f4a173-f205-4421-aae5-24e230903e81: DetachedLogEvent(LogMessage(debug,== resolving dependencies org.vafer#jdeb;1.3->commons-io#commons-io;2.4 [compile->master(compile)]))
Sending msg to client activator-21f4a173-f205-4421-aae5-24e230903e81: DetachedLogEvent(LogMessage(debug,dependency descriptor has been mediated: dependency: org.scala-lang#scala-library;2.10.5 {provided=[default(compile)]} => dependency: org.scala-lang#scala-library;2.10.4 {provided=[default(compile)]}))
Sending msg to client activator-21f4a173-f205-4421-aae5-24e230903e81: DetachedLogEvent(LogMessage(debug,dependency descriptor has been mediated: dependency: org.scala-lang#scala-library;2.10.5 {provided=[default(compile)]} => dependency: org.scala-lang#scala-library;2.10.4 {provided=[default(compile)]}))
Sending msg to client activator-21f4a173-f205-4421-aae5-24e230903e81: DetachedLogEvent(LogMessage(debug,== resolving dependencies org.vafer#jdeb;1.3->commons-io#commons-io;2.4 [compile->compile(*)]))
Sending msg to client activator-21f4a173-f205-4421-aae5-24e230903e81: DetachedLogEvent(LogMessage(debug,== resolving dependencies org.vafer#jdeb;1.3->org.apache.commons#commons-compress;1.7 [compile->master(compile)]))
Sending msg to client activator-21f4a173-f205-4421-aae5-24e230903e81: DetachedLogEvent(LogMessage(debug,dependency descriptor has been mediated: dependency: org.scala-lang#scala-library;2.10.4 {provided=[default(compile)]} => dependency: org.scala-lang#scala-library;2.10.4 {provided=[default(compile)]}))
Sending msg to client activator-21f4a173-f205-4421-aae5-24e230903e81: DetachedLogEvent(LogMessage(debug,dependency descriptor has been mediated: dependency: org.scala-lang#scala-reflect;2.10.4 {provided=[default(compile)]} => dependency: org.scala-lang#scala-reflect;2.10.4 {provided=[default(compile)]}))
Sending msg to client activator-21f4a173-f205-4421-aae5-24e230903e81: DetachedLogEvent(LogMessage(debug,dependency descriptor has been mediated: dependency: org.scala-lang#scala-library;2.10.4 {provided=[default(compile)]} => dependency: org.scala-lang#scala-library;2.10.4 {provided=[default(compile)]}))
Sending msg to client activator-21f4a173-f205-4421-aae5-24e230903e81: DetachedLogEvent(LogMessage(debug,dependency descriptor has been mediated: dependency: org.scala-lang#scala-reflect;2.10.4 {provided=[default(compile)]} => dependency: org.scala-lang#scala-reflect;2.10.4 {provided=[default(compile)]}))
Sending msg to client activator-21f4a173-f205-4421-aae5-24e230903e81: DetachedLogEvent(LogStdOut([A[2K[info] Resolving org.apache.commons#commons-compress;1.7 ...))
Sending msg to client activator-21f4a173-f205-4421-aae5-24e230903e81: DetachedLogEvent(LogMessage(info,Resolving org.apache.commons#commons-compress;1.7 ...))
Sending msg to client activator-21f4a173-f205-4421-aae5-24e230903e81: DetachedLogEvent(LogMessage(debug,sbt-chain: Checking cache for: dependency: org.apache.commons#commons-compress;1.7 {compile=[compile(*), master(compile)], runtime=[runtime(*)]}))
Sending msg to client activator-21f4a173-f205-4421-aae5-24e230903e81: DetachedLogEvent(LogStdOut([A[2K[info] Resolving org.apache.commons#commons-compress;1.7 ...))
Sending msg to client activator-21f4a173-f205-4421-aae5-24e230903e81: DetachedLogEvent(LogMessage(info,Resolving org.apache.commons#commons-compress;1.7 ...))
Sending msg to client activator-21f4a173-f205-4421-aae5-24e230903e81: DetachedLogEvent(LogMessage(debug,sbt-chain-delegate: Checking cache for: dependency: org.apache.commons#commons-compress;1.7 {compile=[compile(*), master(compile)], runtime=[runtime(*)]}))
Sending msg to client activator-21f4a173-f205-4421-aae5-24e230903e81: DetachedLogEvent(LogMessage(debug,		tried https://repo.typesafe.com/typesafe/ivy-releases/org.apache.commons/commons-compress/1.7/ivys/ivy.xml))
Sending msg to client activator-21f4a173-f205-4421-aae5-24e230903e81: DetachedLogEvent(LogMessage(debug,CLIENT ERROR: Not Found url=https://repo.typesafe.com/typesafe/ivy-releases/org.apache.commons/commons-compress/1.7/ivys/ivy.xml))
Sending msg to client activator-21f4a173-f205-4421-aae5-24e230903e81: DetachedLogEvent(LogMessage(debug,	typesafe-ivy-releases: no ivy file found for org.apache.commons#commons-compress;1.7))
Sending msg to client activator-21f4a173-f205-4421-aae5-24e230903e81: DetachedLogEvent(LogMessage(debug,		tried https://repo.scala-sbt.org/scalasbt/sbt-plugin-releases/org.apache.commons/commons-compress/1.7/ivys/ivy.xml))
Sending msg to client activator-21f4a173-f205-4421-aae5-24e230903e81: DetachedLogEvent(LogMessage(debug,CLIENT ERROR: Not Found url=https://repo.scala-sbt.org/scalasbt/sbt-plugin-releases/org.apache.commons/commons-compress/1.7/ivys/ivy.xml))
Sending msg to client activator-21f4a173-f205-4421-aae5-24e230903e81: DetachedLogEvent(LogMessage(debug,	sbt-plugin-releases: no ivy file found for org.apache.commons#commons-compress;1.7))
Sending msg to client activator-21f4a173-f205-4421-aae5-24e230903e81: DetachedLogEvent(LogMessage(debug,		tried /Users/jameshsiao/.ivy2/local/org.apache.commons/commons-compress/1.7/ivys/ivy.xml))
Sending msg to client activator-21f4a173-f205-4421-aae5-24e230903e81: DetachedLogEvent(LogMessage(debug,	local: no ivy file found for org.apache.commons#commons-compress;1.7))
Sending msg to client activator-21f4a173-f205-4421-aae5-24e230903e81: DetachedLogEvent(LogMessage(debug,		tried https://repo1.maven.org/maven2/org/apache/commons/commons-compress/1.7/commons-compress-1.7.pom))
Sending msg to client activator-21f4a173-f205-4421-aae5-24e230903e81: DetachedLogEvent(LogMessage(debug,	public: found md file for org.apache.commons#commons-compress;1.7))
Sending msg to client activator-21f4a173-f205-4421-aae5-24e230903e81: DetachedLogEvent(LogMessage(debug,		=> https://repo1.maven.org/maven2/org/apache/commons/commons-compress/1.7/commons-compress-1.7.pom (1.7)))
Sending msg to client activator-21f4a173-f205-4421-aae5-24e230903e81: DetachedLogEvent(LogMessage(debug,downloading https://repo1.maven.org/maven2/org/apache/commons/commons-compress/1.7/commons-compress-1.7.pom ...))
Sending msg to client activator-21f4a173-f205-4421-aae5-24e230903e81: DetachedLogEvent(LogMessage(debug,	public: downloading https://repo1.maven.org/maven2/org/apache/commons/commons-compress/1.7/commons-compress-1.7.pom))
Sending msg to client activator-21f4a173-f205-4421-aae5-24e230903e81: DetachedLogEvent(LogMessage(debug,	public: downloading https://repo1.maven.org/maven2/org/apache/commons/commons-compress/1.7/commons-compress-1.7.pom.sha1))
Sending msg to client activator-21f4a173-f205-4421-aae5-24e230903e81: DetachedLogEvent(LogMessage(debug,sha1 OK for https://repo1.maven.org/maven2/org/apache/commons/commons-compress/1.7/commons-compress-1.7.pom))
Sending msg to client activator-21f4a173-f205-4421-aae5-24e230903e81: DetachedLogEvent(LogMessage(debug,	[SUCCESSFUL ] org.apache.commons#commons-compress;1.7!commons-compress.pom(pom.original) (1048ms)))
Sending msg to client activator-21f4a173-f205-4421-aae5-24e230903e81: DetachedLogEvent(LogStdOut([A[2K[info] Resolving org.apache.commons#commons-parent;32 ...))
Sending msg to client activator-21f4a173-f205-4421-aae5-24e230903e81: DetachedLogEvent(LogMessage(info,Resolving org.apache.commons#commons-parent;32 ...))
Sending msg to client activator-21f4a173-f205-4421-aae5-24e230903e81: DetachedLogEvent(LogMessage(debug,sbt-chain: Checking cache for: dependency: org.apache.commons#commons-parent;32 {}))
Sending msg to client activator-21f4a173-f205-4421-aae5-24e230903e81: DetachedLogEvent(LogMessage(debug,sbt-chain: module revision found in cache: org.apache.commons#commons-parent;32))
Sending msg to client activator-21f4a173-f205-4421-aae5-24e230903e81: DetachedLogEvent(LogMessage(debug,		tried https://repo.typesafe.com/typesafe/ivy-releases/org.apache.commons/commons-compress/1.7/jars/commons-compress.jar))
Sending msg to client activator-21f4a173-f205-4421-aae5-24e230903e81: DetachedLogEvent(LogMessage(debug,CLIENT ERROR: Not Found url=https://repo.typesafe.com/typesafe/ivy-releases/org.apache.commons/commons-compress/1.7/jars/commons-compress.jar))
Sending msg to client activator-21f4a173-f205-4421-aae5-24e230903e81: DetachedLogEvent(LogMessage(debug,		tried https://repo.scala-sbt.org/scalasbt/sbt-plugin-releases/org.apache.commons/commons-compress/1.7/jars/commons-compress.jar))
Sending msg to client activator-21f4a173-f205-4421-aae5-24e230903e81: DetachedLogEvent(LogMessage(debug,CLIENT ERROR: Not Found url=https://repo.scala-sbt.org/scalasbt/sbt-plugin-releases/org.apache.commons/commons-compress/1.7/jars/commons-compress.jar))
Sending msg to client activator-21f4a173-f205-4421-aae5-24e230903e81: DetachedLogEvent(LogMessage(debug,		tried /Users/jameshsiao/.ivy2/local/org.apache.commons/commons-compress/1.7/jars/commons-compress.jar))
Sending msg to client activator-21f4a173-f205-4421-aae5-24e230903e81: DetachedLogEvent(LogMessage(debug,		tried https://repo1.maven.org/maven2/org/apache/commons/commons-compress/1.7/commons-compress-1.7.jar))
Sending msg to client activator-21f4a173-f205-4421-aae5-24e230903e81: DetachedLogEvent(LogMessage(debug,	found org.apache.commons#commons-compress;1.7 in public))
Sending msg to client activator-21f4a173-f205-4421-aae5-24e230903e81: DetachedLogEvent(LogMessage(debug,== resolving dependencies org.vafer#jdeb;1.3->org.apache.commons#commons-compress;1.7 [compile->compile(*)]))
Sending msg to client activator-21f4a173-f205-4421-aae5-24e230903e81: DetachedLogEvent(LogMessage(debug,== resolving dependencies org.apache.commons#commons-compress;1.7->org.tukaani#xz;1.4 [compile->master(compile)]))
Sending msg to client activator-21f4a173-f205-4421-aae5-24e230903e81: DetachedLogEvent(LogMessage(debug,dependency descriptor has been mediated: dependency: org.scala-lang#scala-library;2.10.4 {provided=[default(compile)]} => dependency: org.scala-lang#scala-library;2.10.4 {provided=[default(compile)]}))
Sending msg to client activator-21f4a173-f205-4421-aae5-24e230903e81: DetachedLogEvent(LogMessage(debug,dependency descriptor has been mediated: dependency: org.scala-lang#scala-reflect;2.10.4 {provided=[default(compile)]} => dependency: org.scala-lang#scala-reflect;2.10.4 {provided=[default(compile)]}))
Sending msg to client activator-21f4a173-f205-4421-aae5-24e230903e81: DetachedLogEvent(LogMessage(debug,dependency descriptor has been mediated: dependency: org.scala-lang#scala-library;2.10.4 {provided=[default(compile)]} => dependency: org.scala-lang#scala-library;2.10.4 {provided=[default(compile)]}))
Sending msg to client activator-21f4a173-f205-4421-aae5-24e230903e81: DetachedLogEvent(LogMessage(debug,dependency descriptor has been mediated: dependency: org.scala-lang#scala-reflect;2.10.4 {provided=[default(compile)]} => dependency: org.scala-lang#scala-reflect;2.10.4 {provided=[default(compile)]}))
Sending msg to client activator-21f4a173-f205-4421-aae5-24e230903e81: DetachedLogEvent(LogStdOut([A[2K[info] Resolving org.tukaani#xz;1.4 ...))
Sending msg to client activator-21f4a173-f205-4421-aae5-24e230903e81: DetachedLogEvent(LogMessage(info,Resolving org.tukaani#xz;1.4 ...))
Sending msg to client activator-21f4a173-f205-4421-aae5-24e230903e81: DetachedLogEvent(LogMessage(debug,sbt-chain: Checking cache for: dependency: org.tukaani#xz;1.4 {compile=[compile(*), master(compile)], runtime=[runtime(*)]}))
Sending msg to client activator-21f4a173-f205-4421-aae5-24e230903e81: DetachedLogEvent(LogStdOut([A[2K[info] Resolving org.tukaani#xz;1.4 ...))
Sending msg to client activator-21f4a173-f205-4421-aae5-24e230903e81: DetachedLogEvent(LogMessage(info,Resolving org.tukaani#xz;1.4 ...))
Sending msg to client activator-21f4a173-f205-4421-aae5-24e230903e81: DetachedLogEvent(LogMessage(debug,sbt-chain-delegate: Checking cache for: dependency: org.tukaani#xz;1.4 {compile=[compile(*), master(compile)], runtime=[runtime(*)]}))
Sending msg to client activator-21f4a173-f205-4421-aae5-24e230903e81: DetachedLogEvent(LogMessage(debug,		tried https://repo.typesafe.com/typesafe/ivy-releases/org.tukaani/xz/1.4/ivys/ivy.xml))
Sending msg to client activator-21f4a173-f205-4421-aae5-24e230903e81: DetachedLogEvent(LogMessage(debug,CLIENT ERROR: Not Found url=https://repo.typesafe.com/typesafe/ivy-releases/org.tukaani/xz/1.4/ivys/ivy.xml))
Sending msg to client activator-21f4a173-f205-4421-aae5-24e230903e81: DetachedLogEvent(LogMessage(debug,	typesafe-ivy-releases: no ivy file found for org.tukaani#xz;1.4))
Sending msg to client activator-21f4a173-f205-4421-aae5-24e230903e81: DetachedLogEvent(LogMessage(debug,		tried https://repo.scala-sbt.org/scalasbt/sbt-plugin-releases/org.tukaani/xz/1.4/ivys/ivy.xml))
Sending msg to client activator-21f4a173-f205-4421-aae5-24e230903e81: DetachedLogEvent(LogMessage(debug,CLIENT ERROR: Not Found url=https://repo.scala-sbt.org/scalasbt/sbt-plugin-releases/org.tukaani/xz/1.4/ivys/ivy.xml))
Sending msg to client activator-21f4a173-f205-4421-aae5-24e230903e81: DetachedLogEvent(LogMessage(debug,	sbt-plugin-releases: no ivy file found for org.tukaani#xz;1.4))
Sending msg to client activator-21f4a173-f205-4421-aae5-24e230903e81: DetachedLogEvent(LogMessage(debug,		tried /Users/jameshsiao/.ivy2/local/org.tukaani/xz/1.4/ivys/ivy.xml))
Sending msg to client activator-21f4a173-f205-4421-aae5-24e230903e81: DetachedLogEvent(LogMessage(debug,	local: no ivy file found for org.tukaani#xz;1.4))
Sending msg to client activator-21f4a173-f205-4421-aae5-24e230903e81: DetachedLogEvent(LogMessage(debug,		tried https://repo1.maven.org/maven2/org/tukaani/xz/1.4/xz-1.4.pom))
Sending msg to client activator-21f4a173-f205-4421-aae5-24e230903e81: DetachedLogEvent(LogMessage(debug,	public: found md file for org.tukaani#xz;1.4))
Sending msg to client activator-21f4a173-f205-4421-aae5-24e230903e81: DetachedLogEvent(LogMessage(debug,		=> https://repo1.maven.org/maven2/org/tukaani/xz/1.4/xz-1.4.pom (1.4)))
Sending msg to client activator-21f4a173-f205-4421-aae5-24e230903e81: DetachedLogEvent(LogMessage(debug,downloading https://repo1.maven.org/maven2/org/tukaani/xz/1.4/xz-1.4.pom ...))
Sending msg to client activator-21f4a173-f205-4421-aae5-24e230903e81: DetachedLogEvent(LogMessage(debug,	public: downloading https://repo1.maven.org/maven2/org/tukaani/xz/1.4/xz-1.4.pom))
Sending msg to client activator-21f4a173-f205-4421-aae5-24e230903e81: DetachedLogEvent(LogMessage(debug,	public: downloading https://repo1.maven.org/maven2/org/tukaani/xz/1.4/xz-1.4.pom.sha1))
Sending msg to client activator-21f4a173-f205-4421-aae5-24e230903e81: DetachedLogEvent(LogMessage(debug,sha1 OK for https://repo1.maven.org/maven2/org/tukaani/xz/1.4/xz-1.4.pom))
Sending msg to client activator-21f4a173-f205-4421-aae5-24e230903e81: DetachedL