New log file opened at Wed Nov 04 18:49:05 CST 2015 by 3779@HsiaoJamess-MacBook-Pro.local
Taking next connection to: 53454
New client attempting to connect on port: 53455-53454
  Address = /192.168.0.86:53454
This client on port 53455 has uuid e8482232-b273-4468-899c-2ad11caeed95 configName activator humanReadableName Activator protocolVersion 3 featureTags Vector()
Connected Clients: activator-e8482232-b273-4468-899c-2ad11caeed95
Taking next connection to: 53454
New client attempting to connect on port: 53531-53454
  Address = /192.168.0.86:53454
Handshake exception on socket: 53531
sbt.impl.ipc.HandshakeException: Unable to perform handshake
	at sbt.impl.ipc.Peer.handshake(IPC.scala:46)
	at sbt.impl.ipc.MultiClientServer.<init>(IPC.scala:150)
	at sbt.server.SbtServerSocketHandler$$anon$1.run(SbtServerSocketHandler.scala:43)
Caused by: java.io.EOFException
	at java.io.DataInputStream.readInt(DataInputStream.java:392)
	at sbt.impl.ipc.Peer.receive(IPC.scala:95)
	at sbt.impl.ipc.Peer.handshake(IPC.scala:49)
	... 2 more
Taking next connection to: 53454
New client attempting to connect on port: 53532-53454
  Address = /192.168.0.86:53454
This client on port 53532 has uuid f4ca5034-0e09-4106-b401-a49e1035a503 configName activator humanReadableName Activator protocolVersion 3 featureTags Vector()
Connected Clients: activator-e8482232-b273-4468-899c-2ad11caeed95, activator-f4ca5034-0e09-4106-b401-a49e1035a503
Taking next connection to: 53454
New client attempting to connect on port: 53594-53454
  Address = /192.168.0.86:53454
Handshake exception on socket: 53594
sbt.impl.ipc.HandshakeException: Unable to perform handshake
	at sbt.impl.ipc.Peer.handshake(IPC.scala:46)
	at sbt.impl.ipc.MultiClientServer.<init>(IPC.scala:150)
	at sbt.server.SbtServerSocketHandler$$anon$1.run(SbtServerSocketHandler.scala:43)
Caused by: java.io.EOFException
	at java.io.DataInputStream.readInt(DataInputStream.java:392)
	at sbt.impl.ipc.Peer.receive(IPC.scala:95)
	at sbt.impl.ipc.Peer.handshake(IPC.scala:49)
	... 2 more
Taking next connection to: 53454
New client attempting to connect on port: 53595-53454
  Address = /192.168.0.86:53454
This client on port 53595 has uuid 21f4a173-f205-4421-aae5-24e230903e81 configName activator humanReadableName Activator protocolVersion 3 featureTags Vector()
Connected Clients: activator-e8482232-b273-4468-899c-2ad11caeed95, activator-f4ca5034-0e09-4106-b401-a49e1035a503, activator-21f4a173-f205-4421-aae5-24e230903e81
Taking next connection to: 53454
